chat_manager (to User):

Before starting the next sprint planning, provide a detailed review of the previous sprint.

--------------------------------------------------------------------------------
Replying as User. Provide feedback to chat_manager. Press enter to skip and use auto-reply, or type 'exit' to end the conversation: User (to chat_manager):

All tickets were implemented successfully. When reviewing the codebase, one general problem was identified. All contents were written to main.py. The next sprint should focus on separation of concerns and rebuild the aspects of the application in their own modules.

--------------------------------------------------------------------------------

Next speaker: User

Replying as User. Provide feedback to chat_manager. Press enter to skip and use auto-reply, or type 'exit' to end the conversation: chat_manager (to SoftwarePlanner):

Start planning sprint 1. If you are happy with the sprint plan, get the user's approval.

--------------------------------------------------------------------------------
SoftwarePlanner (to chat_manager):

***** Suggested tool call (call_DQ4wkEJV1IuxT1WPxpwHq55Q): init_sprint_plan *****
Arguments: 
{"goal":"Refactor codebase to separate concerns into distinct modules"}
*********************************************************************************

--------------------------------------------------------------------------------

Next speaker: SprintPlan


>>>>>>>> EXECUTING FUNCTION init_sprint_plan...
SprintPlan (to chat_manager):

SprintPlan (to chat_manager):

***** Response from calling tool (call_DQ4wkEJV1IuxT1WPxpwHq55Q) *****
Sprint plan initialized.
**********************************************************************

--------------------------------------------------------------------------------

Next speaker: SoftwarePlanner

SoftwarePlanner (to chat_manager):

***** Suggested tool call (call_b4OTcbRCCJmBzQY2wcyoGux7): add_ticket *****
Arguments: 
{"ticket": {"title": "Create User Model Module", "description": "Move the User model definition to its own module.", "acceptance_criteria": "The User model is defined in its own module and imported where necessary."}, "position": 1}
***************************************************************************
***** Suggested tool call (call_SeiGp0trW17nrrdXgP8AN67s): add_ticket *****
Arguments: 
{"ticket": {"title": "Create CRUD Operations Module", "description": "Move the CRUD operations (create, read, update, delete) to their own module.", "acceptance_criteria": "CRUD operations are defined in their own module and imported where necessary."}, "position": 2}
***************************************************************************
***** Suggested tool call (call_iuFSCvxLNA4LFsgUmsyCanwB): add_ticket *****
Arguments: 
{"ticket": {"title": "Create API Endpoints Module", "description": "Move the API endpoint definitions to their own module.", "acceptance_criteria": "API endpoints are defined in their own module and imported where necessary."}, "position": 3}
***************************************************************************
***** Suggested tool call (call_PBh3x3yJzMh7Cz9a0BBfqe24): add_ticket *****
Arguments: 
{"ticket": {"title": "Create In-Memory Storage Module", "description": "Move the in-memory storage implementation to its own module.", "acceptance_criteria": "In-memory storage is implemented in its own module and imported where necessary."}, "position": 4}
***************************************************************************
***** Suggested tool call (call_KNfTNyTd7NAuvSUG0kkrR8oL): add_ticket *****
Arguments: 
{"ticket": {"title": "Update Main Application File", "description": "Update the main application file to import modules and set up the FastAPI app.", "acceptance_criteria": "The main application file imports the necessary modules and sets up the FastAPI app correctly."}, "position": 5}
***************************************************************************

--------------------------------------------------------------------------------

Next speaker: SprintPlan


>>>>>>>> EXECUTING FUNCTION add_ticket...

>>>>>>>> EXECUTING FUNCTION add_ticket...

>>>>>>>> EXECUTING FUNCTION add_ticket...

>>>>>>>> EXECUTING FUNCTION add_ticket...

>>>>>>>> EXECUTING FUNCTION add_ticket...
SprintPlan (to chat_manager):

SprintPlan (to chat_manager):

***** Response from calling tool (call_b4OTcbRCCJmBzQY2wcyoGux7) *****
Ticket added.

Current Sprint Plan
-------------------
{
  "goal": "Refactor codebase to separate concerns into distinct modules",
  "tickets": [
    {
      "title": "Create User Model Module",
      "description": "Move the User model definition to its own module.",
      "acceptance_criteria": "The User model is defined in its own module and imported where necessary.",
      "id": 8,
      "status": "todo"
    }
  ]
}
**********************************************************************

--------------------------------------------------------------------------------
SprintPlan (to chat_manager):

***** Response from calling tool (call_SeiGp0trW17nrrdXgP8AN67s) *****
Ticket added.

Current Sprint Plan
-------------------
{
  "goal": "Refactor codebase to separate concerns into distinct modules",
  "tickets": [
    {
      "title": "Create User Model Module",
      "description": "Move the User model definition to its own module.",
      "acceptance_criteria": "The User model is defined in its own module and imported where necessary.",
      "id": 8,
      "status": "todo"
    },
    {
      "title": "Create CRUD Operations Module",
      "description": "Move the CRUD operations (create, read, update, delete) to their own module.",
      "acceptance_criteria": "CRUD operations are defined in their own module and imported where necessary.",
      "id": 9,
      "status": "todo"
    }
  ]
}
**********************************************************************

--------------------------------------------------------------------------------
SprintPlan (to chat_manager):

***** Response from calling tool (call_iuFSCvxLNA4LFsgUmsyCanwB) *****
Ticket added.

Current Sprint Plan
-------------------
{
  "goal": "Refactor codebase to separate concerns into distinct modules",
  "tickets": [
    {
      "title": "Create User Model Module",
      "description": "Move the User model definition to its own module.",
      "acceptance_criteria": "The User model is defined in its own module and imported where necessary.",
      "id": 8,
      "status": "todo"
    },
    {
      "title": "Create CRUD Operations Module",
      "description": "Move the CRUD operations (create, read, update, delete) to their own module.",
      "acceptance_criteria": "CRUD operations are defined in their own module and imported where necessary.",
      "id": 9,
      "status": "todo"
    },
    {
      "title": "Create API Endpoints Module",
      "description": "Move the API endpoint definitions to their own module.",
      "acceptance_criteria": "API endpoints are defined in their own module and imported where necessary.",
      "id": 10,
      "status": "todo"
    }
  ]
}
**********************************************************************

--------------------------------------------------------------------------------
SprintPlan (to chat_manager):

***** Response from calling tool (call_PBh3x3yJzMh7Cz9a0BBfqe24) *****
Ticket added.

Current Sprint Plan
-------------------
{
  "goal": "Refactor codebase to separate concerns into distinct modules",
  "tickets": [
    {
      "title": "Create User Model Module",
      "description": "Move the User model definition to its own module.",
      "acceptance_criteria": "The User model is defined in its own module and imported where necessary.",
      "id": 8,
      "status": "todo"
    },
    {
      "title": "Create CRUD Operations Module",
      "description": "Move the CRUD operations (create, read, update, delete) to their own module.",
      "acceptance_criteria": "CRUD operations are defined in their own module and imported where necessary.",
      "id": 9,
      "status": "todo"
    },
    {
      "title": "Create API Endpoints Module",
      "description": "Move the API endpoint definitions to their own module.",
      "acceptance_criteria": "API endpoints are defined in their own module and imported where necessary.",
      "id": 10,
      "status": "todo"
    },
    {
      "title": "Create In-Memory Storage Module",
      "description": "Move the in-memory storage implementation to its own module.",
      "acceptance_criteria": "In-memory storage is implemented in its own module and imported where necessary.",
      "id": 11,
      "status": "todo"
    }
  ]
}
**********************************************************************

--------------------------------------------------------------------------------
SprintPlan (to chat_manager):

***** Response from calling tool (call_KNfTNyTd7NAuvSUG0kkrR8oL) *****
Ticket added.

Current Sprint Plan
-------------------
{
  "goal": "Refactor codebase to separate concerns into distinct modules",
  "tickets": [
    {
      "title": "Create User Model Module",
      "description": "Move the User model definition to its own module.",
      "acceptance_criteria": "The User model is defined in its own module and imported where necessary.",
      "id": 8,
      "status": "todo"
    },
    {
      "title": "Create CRUD Operations Module",
      "description": "Move the CRUD operations (create, read, update, delete) to their own module.",
      "acceptance_criteria": "CRUD operations are defined in their own module and imported where necessary.",
      "id": 9,
      "status": "todo"
    },
    {
      "title": "Create API Endpoints Module",
      "description": "Move the API endpoint definitions to their own module.",
      "acceptance_criteria": "API endpoints are defined in their own module and imported where necessary.",
      "id": 10,
      "status": "todo"
    },
    {
      "title": "Create In-Memory Storage Module",
      "description": "Move the in-memory storage implementation to its own module.",
      "acceptance_criteria": "In-memory storage is implemented in its own module and imported where necessary.",
      "id": 11,
      "status": "todo"
    },
    {
      "title": "Update Main Application File",
      "description": "Update the main application file to import modules and set up the FastAPI app.",
      "acceptance_criteria": "The main application file imports the necessary modules and sets up the FastAPI app correctly.",
      "id": 12,
      "status": "todo"
    }
  ]
}
**********************************************************************

--------------------------------------------------------------------------------

Next speaker: SoftwarePlanner

SoftwarePlanner (to chat_manager):

***** Suggested tool call (call_A0NrmIkx1beeqVJ6cssI8qEa): show_sprint_plan *****
Arguments: 
{}
*********************************************************************************

--------------------------------------------------------------------------------

Next speaker: SprintPlan


>>>>>>>> EXECUTING FUNCTION show_sprint_plan...
SprintPlan (to chat_manager):

SprintPlan (to chat_manager):

***** Response from calling tool (call_A0NrmIkx1beeqVJ6cssI8qEa) *****
Current Sprint Plan
-------------------
{
  "goal": "Refactor codebase to separate concerns into distinct modules",
  "tickets": [
    {
      "title": "Create User Model Module",
      "description": "Move the User model definition to its own module.",
      "acceptance_criteria": "The User model is defined in its own module and imported where necessary.",
      "id": 8,
      "status": "todo"
    },
    {
      "title": "Create CRUD Operations Module",
      "description": "Move the CRUD operations (create, read, update, delete) to their own module.",
      "acceptance_criteria": "CRUD operations are defined in their own module and imported where necessary.",
      "id": 9,
      "status": "todo"
    },
    {
      "title": "Create API Endpoints Module",
      "description": "Move the API endpoint definitions to their own module.",
      "acceptance_criteria": "API endpoints are defined in their own module and imported where necessary.",
      "id": 10,
      "status": "todo"
    },
    {
      "title": "Create In-Memory Storage Module",
      "description": "Move the in-memory storage implementation to its own module.",
      "acceptance_criteria": "In-memory storage is implemented in its own module and imported where necessary.",
      "id": 11,
      "status": "todo"
    },
    {
      "title": "Update Main Application File",
      "description": "Update the main application file to import modules and set up the FastAPI app.",
      "acceptance_criteria": "The main application file imports the necessary modules and sets up the FastAPI app correctly.",
      "id": 12,
      "status": "todo"
    }
  ]
}
**********************************************************************

--------------------------------------------------------------------------------

Next speaker: SoftwarePlanner

SoftwarePlanner (to chat_manager):

### Sprint Plan for Sprint 1

**Goal:** Refactor codebase to separate concerns into distinct modules

**Tickets:**

1. **Create User Model Module**
   - **Description:** Move the User model definition to its own module.
   - **Acceptance Criteria:** The User model is defined in its own module and imported where necessary.

2. **Create CRUD Operations Module**
   - **Description:** Move the CRUD operations (create, read, update, delete) to their own module.
   - **Acceptance Criteria:** CRUD operations are defined in their own module and imported where necessary.

3. **Create API Endpoints Module**
   - **Description:** Move the API endpoint definitions to their own module.
   - **Acceptance Criteria:** API endpoints are defined in their own module and imported where necessary.

4. **Create In-Memory Storage Module**
   - **Description:** Move the in-memory storage implementation to its own module.
   - **Acceptance Criteria:** In-memory storage is implemented in its own module and imported where necessary.

5. **Update Main Application File**
   - **Description:** Update the main application file to import modules and set up the FastAPI app.
   - **Acceptance Criteria:** The main application file imports the necessary modules and sets up the FastAPI app correctly.

Would you like to approve this sprint plan or make any adjustments?

--------------------------------------------------------------------------------

Next speaker: SprintPlan

SprintPlan (to chat_manager):



--------------------------------------------------------------------------------

Next speaker: SoftwarePlanner

SoftwarePlanner (to chat_manager):

***** Suggested tool call (call_0yvFeGFSuUvovrjFaZCnxyjK): submit_sprint_plan *****
Arguments: 
{}
***********************************************************************************

--------------------------------------------------------------------------------

Next speaker: SprintPlan


>>>>>>>> EXECUTING FUNCTION submit_sprint_plan...
USER APPROVAL REQUESTED
-----------------------
Current Sprint Plan
-------------------
{
  "goal": "Refactor codebase to separate concerns into distinct modules",
  "tickets": [
    {
      "title": "Create User Model Module",
      "description": "Move the User model definition to its own module.",
      "acceptance_criteria": "The User model is defined in its own module and imported where necessary.",
      "id": 8,
      "status": "todo"
    },
    {
      "title": "Create CRUD Operations Module",
      "description": "Move the CRUD operations (create, read, update, delete) to their own module.",
      "acceptance_criteria": "CRUD operations are defined in their own module and imported where necessary.",
      "id": 9,
      "status": "todo"
    },
    {
      "title": "Create API Endpoints Module",
      "description": "Move the API endpoint definitions to their own module.",
      "acceptance_criteria": "API endpoints are defined in their own module and imported where necessary.",
      "id": 10,
      "status": "todo"
    },
    {
      "title": "Create In-Memory Storage Module",
      "description": "Move the in-memory storage implementation to its own module.",
      "acceptance_criteria": "In-memory storage is implemented in its own module and imported where necessary.",
      "id": 11,
      "status": "todo"
    },
    {
      "title": "Update Main Application File",
      "description": "Update the main application file to import modules and set up the FastAPI app.",
      "acceptance_criteria": "The main application file imports the necessary modules and sets up the FastAPI app correctly.",
      "id": 12,
      "status": "todo"
    }
  ]
}
SprintPlan (to chat_manager):

SprintPlan (to chat_manager):

***** Response from calling tool (call_0yvFeGFSuUvovrjFaZCnxyjK) *****
Sprint plan submitted for approval.
**********************************************************************

--------------------------------------------------------------------------------

Next speaker: User

Replying as User. Provide feedback to chat_manager. Press enter to skip and use auto-reply, or type 'exit' to end the conversation: 