chat_manager (to SoftwarePlanner):

Start planning sprint 0. If you are happy with the sprint plan, get the user's approval.

--------------------------------------------------------------------------------
SoftwarePlanner (to chat_manager):

***** Suggested tool call (call_neKR4iZG3SvVvJPRMGBmfIYU): init_sprint_plan *****
Arguments: 
{"goal":"Implement basic CRUD functionality for User entity in FastAPI application"}
*********************************************************************************

--------------------------------------------------------------------------------

Next speaker: SprintPlan


>>>>>>>> EXECUTING FUNCTION init_sprint_plan...
SprintPlan (to chat_manager):

SprintPlan (to chat_manager):

***** Response from calling tool (call_neKR4iZG3SvVvJPRMGBmfIYU) *****
Sprint plan initialized.
**********************************************************************

--------------------------------------------------------------------------------

Next speaker: SoftwarePlanner

SoftwarePlanner (to chat_manager):

***** Suggested tool call (call_0yvFeGFSuUvovrjFaZCnxyjK): add_ticket *****
Arguments: 
{"ticket": {"title": "Setup FastAPI Project", "description": "Initialize a new FastAPI project and set up the basic project structure.", "acceptance_criteria": "A new FastAPI project is created with the necessary directory structure and configuration files."}, "position": 1}
***************************************************************************
***** Suggested tool call (call_n0tCiJNv29VkdgT0rPvGcSHT): add_ticket *****
Arguments: 
{"ticket": {"title": "Implement In-Memory Storage", "description": "Implement an in-memory storage solution to temporarily hold user data.", "acceptance_criteria": "An in-memory storage solution is implemented and can store user data."}, "position": 2}
***************************************************************************
***** Suggested tool call (call_gXOCYCADkmjMSEP0179hcgox): add_ticket *****
Arguments: 
{"ticket": {"title": "Create User Endpoint (POST /users)", "description": "Implement the endpoint to create a new user with name and age.", "acceptance_criteria": "The POST /users endpoint is implemented and can create a new user, returning the user ID."}, "position": 3}
***************************************************************************
***** Suggested tool call (call_vvz4Jc8Mo5GofsrYNH5snPYt): add_ticket *****
Arguments: 
{"ticket": {"title": "Get User Endpoint (GET /users/{user_id})", "description": "Implement the endpoint to retrieve user details based on user ID.", "acceptance_criteria": "The GET /users/{user_id} endpoint is implemented and can retrieve user details based on user ID."}, "position": 4}
***************************************************************************
***** Suggested tool call (call_Yf36qKepESdg1Zz4irdNOw7s): add_ticket *****
Arguments: 
{"ticket": {"title": "Update User Endpoint (PUT /users/{user_id})", "description": "Implement the endpoint to update user information based on user ID.", "acceptance_criteria": "The PUT /users/{user_id} endpoint is implemented and can update user information based on user ID."}, "position": 5}
***************************************************************************
***** Suggested tool call (call_ZqnYu6iwsf8LFBuLzVgcmGzB): add_ticket *****
Arguments: 
{"ticket": {"title": "Delete User Endpoint (DELETE /users/{user_id})", "description": "Implement the endpoint to delete a user based on user ID.", "acceptance_criteria": "The DELETE /users/{user_id} endpoint is implemented and can delete a user based on user ID."}, "position": 6}
***************************************************************************
***** Suggested tool call (call_AKDKysWH2H0bHq9HHun9FVXO): add_ticket *****
Arguments: 
{"ticket": {"title": "Error Handling for Non-Existent Users", "description": "Implement error handling to return a 404 error for non-existent users.", "acceptance_criteria": "Error handling is implemented and returns a 404 error for non-existent users."}, "position": 7}
***************************************************************************

--------------------------------------------------------------------------------

Next speaker: SprintPlan


>>>>>>>> EXECUTING FUNCTION add_ticket...

>>>>>>>> EXECUTING FUNCTION add_ticket...

>>>>>>>> EXECUTING FUNCTION add_ticket...

>>>>>>>> EXECUTING FUNCTION add_ticket...

>>>>>>>> EXECUTING FUNCTION add_ticket...

>>>>>>>> EXECUTING FUNCTION add_ticket...

>>>>>>>> EXECUTING FUNCTION add_ticket...
SprintPlan (to chat_manager):

SprintPlan (to chat_manager):

***** Response from calling tool (call_0yvFeGFSuUvovrjFaZCnxyjK) *****
Ticket added.

Current Sprint Plan
-------------------
{
  "goal": "Implement basic CRUD functionality for User entity in FastAPI application",
  "tickets": [
    {
      "title": "Setup FastAPI Project",
      "description": "Initialize a new FastAPI project and set up the basic project structure.",
      "acceptance_criteria": "A new FastAPI project is created with the necessary directory structure and configuration files.",
      "id": 1,
      "status": "todo"
    }
  ]
}
**********************************************************************

--------------------------------------------------------------------------------
SprintPlan (to chat_manager):

***** Response from calling tool (call_n0tCiJNv29VkdgT0rPvGcSHT) *****
Ticket added.

Current Sprint Plan
-------------------
{
  "goal": "Implement basic CRUD functionality for User entity in FastAPI application",
  "tickets": [
    {
      "title": "Setup FastAPI Project",
      "description": "Initialize a new FastAPI project and set up the basic project structure.",
      "acceptance_criteria": "A new FastAPI project is created with the necessary directory structure and configuration files.",
      "id": 1,
      "status": "todo"
    },
    {
      "title": "Implement In-Memory Storage",
      "description": "Implement an in-memory storage solution to temporarily hold user data.",
      "acceptance_criteria": "An in-memory storage solution is implemented and can store user data.",
      "id": 2,
      "status": "todo"
    }
  ]
}
**********************************************************************

--------------------------------------------------------------------------------
SprintPlan (to chat_manager):

***** Response from calling tool (call_gXOCYCADkmjMSEP0179hcgox) *****
Ticket added.

Current Sprint Plan
-------------------
{
  "goal": "Implement basic CRUD functionality for User entity in FastAPI application",
  "tickets": [
    {
      "title": "Setup FastAPI Project",
      "description": "Initialize a new FastAPI project and set up the basic project structure.",
      "acceptance_criteria": "A new FastAPI project is created with the necessary directory structure and configuration files.",
      "id": 1,
      "status": "todo"
    },
    {
      "title": "Implement In-Memory Storage",
      "description": "Implement an in-memory storage solution to temporarily hold user data.",
      "acceptance_criteria": "An in-memory storage solution is implemented and can store user data.",
      "id": 2,
      "status": "todo"
    },
    {
      "title": "Create User Endpoint (POST /users)",
      "description": "Implement the endpoint to create a new user with name and age.",
      "acceptance_criteria": "The POST /users endpoint is implemented and can create a new user, returning the user ID.",
      "id": 3,
      "status": "todo"
    }
  ]
}
**********************************************************************

--------------------------------------------------------------------------------
SprintPlan (to chat_manager):

***** Response from calling tool (call_vvz4Jc8Mo5GofsrYNH5snPYt) *****
Ticket added.

Current Sprint Plan
-------------------
{
  "goal": "Implement basic CRUD functionality for User entity in FastAPI application",
  "tickets": [
    {
      "title": "Setup FastAPI Project",
      "description": "Initialize a new FastAPI project and set up the basic project structure.",
      "acceptance_criteria": "A new FastAPI project is created with the necessary directory structure and configuration files.",
      "id": 1,
      "status": "todo"
    },
    {
      "title": "Implement In-Memory Storage",
      "description": "Implement an in-memory storage solution to temporarily hold user data.",
      "acceptance_criteria": "An in-memory storage solution is implemented and can store user data.",
      "id": 2,
      "status": "todo"
    },
    {
      "title": "Create User Endpoint (POST /users)",
      "description": "Implement the endpoint to create a new user with name and age.",
      "acceptance_criteria": "The POST /users endpoint is implemented and can create a new user, returning the user ID.",
      "id": 3,
      "status": "todo"
    },
    {
      "title": "Get User Endpoint (GET /users/{user_id})",
      "description": "Implement the endpoint to retrieve user details based on user ID.",
      "acceptance_criteria": "The GET /users/{user_id} endpoint is implemented and can retrieve user details based on user ID.",
      "id": 4,
      "status": "todo"
    }
  ]
}
**********************************************************************

--------------------------------------------------------------------------------
SprintPlan (to chat_manager):

***** Response from calling tool (call_Yf36qKepESdg1Zz4irdNOw7s) *****
Ticket added.

Current Sprint Plan
-------------------
{
  "goal": "Implement basic CRUD functionality for User entity in FastAPI application",
  "tickets": [
    {
      "title": "Setup FastAPI Project",
      "description": "Initialize a new FastAPI project and set up the basic project structure.",
      "acceptance_criteria": "A new FastAPI project is created with the necessary directory structure and configuration files.",
      "id": 1,
      "status": "todo"
    },
    {
      "title": "Implement In-Memory Storage",
      "description": "Implement an in-memory storage solution to temporarily hold user data.",
      "acceptance_criteria": "An in-memory storage solution is implemented and can store user data.",
      "id": 2,
      "status": "todo"
    },
    {
      "title": "Create User Endpoint (POST /users)",
      "description": "Implement the endpoint to create a new user with name and age.",
      "acceptance_criteria": "The POST /users endpoint is implemented and can create a new user, returning the user ID.",
      "id": 3,
      "status": "todo"
    },
    {
      "title": "Get User Endpoint (GET /users/{user_id})",
      "description": "Implement the endpoint to retrieve user details based on user ID.",
      "acceptance_criteria": "The GET /users/{user_id} endpoint is implemented and can retrieve user details based on user ID.",
      "id": 4,
      "status": "todo"
    },
    {
      "title": "Update User Endpoint (PUT /users/{user_id})",
      "description": "Implement the endpoint to update user information based on user ID.",
      "acceptance_criteria": "The PUT /users/{user_id} endpoint is implemented and can update user information based on user ID.",
      "id": 5,
      "status": "todo"
    }
  ]
}
**********************************************************************

--------------------------------------------------------------------------------
SprintPlan (to chat_manager):

***** Response from calling tool (call_ZqnYu6iwsf8LFBuLzVgcmGzB) *****
Ticket added.

Current Sprint Plan
-------------------
{
  "goal": "Implement basic CRUD functionality for User entity in FastAPI application",
  "tickets": [
    {
      "title": "Setup FastAPI Project",
      "description": "Initialize a new FastAPI project and set up the basic project structure.",
      "acceptance_criteria": "A new FastAPI project is created with the necessary directory structure and configuration files.",
      "id": 1,
      "status": "todo"
    },
    {
      "title": "Implement In-Memory Storage",
      "description": "Implement an in-memory storage solution to temporarily hold user data.",
      "acceptance_criteria": "An in-memory storage solution is implemented and can store user data.",
      "id": 2,
      "status": "todo"
    },
    {
      "title": "Create User Endpoint (POST /users)",
      "description": "Implement the endpoint to create a new user with name and age.",
      "acceptance_criteria": "The POST /users endpoint is implemented and can create a new user, returning the user ID.",
      "id": 3,
      "status": "todo"
    },
    {
      "title": "Get User Endpoint (GET /users/{user_id})",
      "description": "Implement the endpoint to retrieve user details based on user ID.",
      "acceptance_criteria": "The GET /users/{user_id} endpoint is implemented and can retrieve user details based on user ID.",
      "id": 4,
      "status": "todo"
    },
    {
      "title": "Update User Endpoint (PUT /users/{user_id})",
      "description": "Implement the endpoint to update user information based on user ID.",
      "acceptance_criteria": "The PUT /users/{user_id} endpoint is implemented and can update user information based on user ID.",
      "id": 5,
      "status": "todo"
    },
    {
      "title": "Delete User Endpoint (DELETE /users/{user_id})",
      "description": "Implement the endpoint to delete a user based on user ID.",
      "acceptance_criteria": "The DELETE /users/{user_id} endpoint is implemented and can delete a user based on user ID.",
      "id": 6,
      "status": "todo"
    }
  ]
}
**********************************************************************

--------------------------------------------------------------------------------
SprintPlan (to chat_manager):

***** Response from calling tool (call_AKDKysWH2H0bHq9HHun9FVXO) *****
Ticket added.

Current Sprint Plan
-------------------
{
  "goal": "Implement basic CRUD functionality for User entity in FastAPI application",
  "tickets": [
    {
      "title": "Setup FastAPI Project",
      "description": "Initialize a new FastAPI project and set up the basic project structure.",
      "acceptance_criteria": "A new FastAPI project is created with the necessary directory structure and configuration files.",
      "id": 1,
      "status": "todo"
    },
    {
      "title": "Implement In-Memory Storage",
      "description": "Implement an in-memory storage solution to temporarily hold user data.",
      "acceptance_criteria": "An in-memory storage solution is implemented and can store user data.",
      "id": 2,
      "status": "todo"
    },
    {
      "title": "Create User Endpoint (POST /users)",
      "description": "Implement the endpoint to create a new user with name and age.",
      "acceptance_criteria": "The POST /users endpoint is implemented and can create a new user, returning the user ID.",
      "id": 3,
      "status": "todo"
    },
    {
      "title": "Get User Endpoint (GET /users/{user_id})",
      "description": "Implement the endpoint to retrieve user details based on user ID.",
      "acceptance_criteria": "The GET /users/{user_id} endpoint is implemented and can retrieve user details based on user ID.",
      "id": 4,
      "status": "todo"
    },
    {
      "title": "Update User Endpoint (PUT /users/{user_id})",
      "description": "Implement the endpoint to update user information based on user ID.",
      "acceptance_criteria": "The PUT /users/{user_id} endpoint is implemented and can update user information based on user ID.",
      "id": 5,
      "status": "todo"
    },
    {
      "title": "Delete User Endpoint (DELETE /users/{user_id})",
      "description": "Implement the endpoint to delete a user based on user ID.",
      "acceptance_criteria": "The DELETE /users/{user_id} endpoint is implemented and can delete a user based on user ID.",
      "id": 6,
      "status": "todo"
    },
    {
      "title": "Error Handling for Non-Existent Users",
      "description": "Implement error handling to return a 404 error for non-existent users.",
      "acceptance_criteria": "Error handling is implemented and returns a 404 error for non-existent users.",
      "id": 7,
      "status": "todo"
    }
  ]
}
**********************************************************************

--------------------------------------------------------------------------------

Next speaker: SoftwarePlanner

SoftwarePlanner (to chat_manager):

***** Suggested tool call (call_JOYBS7H3Zw6Gyw2ZoZFSDGTO): show_sprint_plan *****
Arguments: 
{}
*********************************************************************************

--------------------------------------------------------------------------------

Next speaker: SprintPlan


>>>>>>>> EXECUTING FUNCTION show_sprint_plan...
SprintPlan (to chat_manager):

SprintPlan (to chat_manager):

***** Response from calling tool (call_JOYBS7H3Zw6Gyw2ZoZFSDGTO) *****
Current Sprint Plan
-------------------
{
  "goal": "Implement basic CRUD functionality for User entity in FastAPI application",
  "tickets": [
    {
      "title": "Setup FastAPI Project",
      "description": "Initialize a new FastAPI project and set up the basic project structure.",
      "acceptance_criteria": "A new FastAPI project is created with the necessary directory structure and configuration files.",
      "id": 1,
      "status": "todo"
    },
    {
      "title": "Implement In-Memory Storage",
      "description": "Implement an in-memory storage solution to temporarily hold user data.",
      "acceptance_criteria": "An in-memory storage solution is implemented and can store user data.",
      "id": 2,
      "status": "todo"
    },
    {
      "title": "Create User Endpoint (POST /users)",
      "description": "Implement the endpoint to create a new user with name and age.",
      "acceptance_criteria": "The POST /users endpoint is implemented and can create a new user, returning the user ID.",
      "id": 3,
      "status": "todo"
    },
    {
      "title": "Get User Endpoint (GET /users/{user_id})",
      "description": "Implement the endpoint to retrieve user details based on user ID.",
      "acceptance_criteria": "The GET /users/{user_id} endpoint is implemented and can retrieve user details based on user ID.",
      "id": 4,
      "status": "todo"
    },
    {
      "title": "Update User Endpoint (PUT /users/{user_id})",
      "description": "Implement the endpoint to update user information based on user ID.",
      "acceptance_criteria": "The PUT /users/{user_id} endpoint is implemented and can update user information based on user ID.",
      "id": 5,
      "status": "todo"
    },
    {
      "title": "Delete User Endpoint (DELETE /users/{user_id})",
      "description": "Implement the endpoint to delete a user based on user ID.",
      "acceptance_criteria": "The DELETE /users/{user_id} endpoint is implemented and can delete a user based on user ID.",
      "id": 6,
      "status": "todo"
    },
    {
      "title": "Error Handling for Non-Existent Users",
      "description": "Implement error handling to return a 404 error for non-existent users.",
      "acceptance_criteria": "Error handling is implemented and returns a 404 error for non-existent users.",
      "id": 7,
      "status": "todo"
    }
  ]
}
**********************************************************************

--------------------------------------------------------------------------------

Next speaker: SoftwarePlanner

SoftwarePlanner (to chat_manager):

### Sprint Plan for Sprint 0

**Goal:** Implement basic CRUD functionality for User entity in FastAPI application

**Tickets:**

1. **Setup FastAPI Project**
   - **Description:** Initialize a new FastAPI project and set up the basic project structure.
   - **Acceptance Criteria:** A new FastAPI project is created with the necessary directory structure and configuration files.

2. **Implement In-Memory Storage**
   - **Description:** Implement an in-memory storage solution to temporarily hold user data.
   - **Acceptance Criteria:** An in-memory storage solution is implemented and can store user data.

3. **Create User Endpoint (POST /users)**
   - **Description:** Implement the endpoint to create a new user with name and age.
   - **Acceptance Criteria:** The POST /users endpoint is implemented and can create a new user, returning the user ID.

4. **Get User Endpoint (GET /users/{user_id})**
   - **Description:** Implement the endpoint to retrieve user details based on user ID.
   - **Acceptance Criteria:** The GET /users/{user_id} endpoint is implemented and can retrieve user details based on user ID.

5. **Update User Endpoint (PUT /users/{user_id})**
   - **Description:** Implement the endpoint to update user information based on user ID.
   - **Acceptance Criteria:** The PUT /users/{user_id} endpoint is implemented and can update user information based on user ID.

6. **Delete User Endpoint (DELETE /users/{user_id})**
   - **Description:** Implement the endpoint to delete a user based on user ID.
   - **Acceptance Criteria:** The DELETE /users/{user_id} endpoint is implemented and can delete a user based on user ID.

7. **Error Handling for Non-Existent Users**
   - **Description:** Implement error handling to return a 404 error for non-existent users.
   - **Acceptance Criteria:** Error handling is implemented and returns a 404 error for non-existent users.

Would you like to approve this sprint plan or make any adjustments?

--------------------------------------------------------------------------------

Next speaker: SprintPlan

SprintPlan (to chat_manager):



--------------------------------------------------------------------------------

Next speaker: SoftwarePlanner

SoftwarePlanner (to chat_manager):

***** Suggested tool call (call_S6X46ZQOlM9FCDyKAvT8v9Xn): submit_sprint_plan *****
Arguments: 
{}
***********************************************************************************

--------------------------------------------------------------------------------

Next speaker: SprintPlan


>>>>>>>> EXECUTING FUNCTION submit_sprint_plan...
USER APPROVAL REQUESTED
-----------------------
Current Sprint Plan
-------------------
{
  "goal": "Implement basic CRUD functionality for User entity in FastAPI application",
  "tickets": [
    {
      "title": "Setup FastAPI Project",
      "description": "Initialize a new FastAPI project and set up the basic project structure.",
      "acceptance_criteria": "A new FastAPI project is created with the necessary directory structure and configuration files.",
      "id": 1,
      "status": "todo"
    },
    {
      "title": "Implement In-Memory Storage",
      "description": "Implement an in-memory storage solution to temporarily hold user data.",
      "acceptance_criteria": "An in-memory storage solution is implemented and can store user data.",
      "id": 2,
      "status": "todo"
    },
    {
      "title": "Create User Endpoint (POST /users)",
      "description": "Implement the endpoint to create a new user with name and age.",
      "acceptance_criteria": "The POST /users endpoint is implemented and can create a new user, returning the user ID.",
      "id": 3,
      "status": "todo"
    },
    {
      "title": "Get User Endpoint (GET /users/{user_id})",
      "description": "Implement the endpoint to retrieve user details based on user ID.",
      "acceptance_criteria": "The GET /users/{user_id} endpoint is implemented and can retrieve user details based on user ID.",
      "id": 4,
      "status": "todo"
    },
    {
      "title": "Update User Endpoint (PUT /users/{user_id})",
      "description": "Implement the endpoint to update user information based on user ID.",
      "acceptance_criteria": "The PUT /users/{user_id} endpoint is implemented and can update user information based on user ID.",
      "id": 5,
      "status": "todo"
    },
    {
      "title": "Delete User Endpoint (DELETE /users/{user_id})",
      "description": "Implement the endpoint to delete a user based on user ID.",
      "acceptance_criteria": "The DELETE /users/{user_id} endpoint is implemented and can delete a user based on user ID.",
      "id": 6,
      "status": "todo"
    },
    {
      "title": "Error Handling for Non-Existent Users",
      "description": "Implement error handling to return a 404 error for non-existent users.",
      "acceptance_criteria": "Error handling is implemented and returns a 404 error for non-existent users.",
      "id": 7,
      "status": "todo"
    }
  ]
}
SprintPlan (to chat_manager):

SprintPlan (to chat_manager):

***** Response from calling tool (call_S6X46ZQOlM9FCDyKAvT8v9Xn) *****
Sprint plan submitted for approval.
**********************************************************************

--------------------------------------------------------------------------------

Next speaker: User

Replying as User. Provide feedback to chat_manager. Press enter to skip and use auto-reply, or type 'exit' to end the conversation: User (to chat_manager):

Keep the error handling for later sprinints.

--------------------------------------------------------------------------------

Next speaker: SoftwarePlanner

SoftwarePlanner (to chat_manager):

***** Suggested tool call (call_5vEtwrn5pg9YP4qti7c9qr8Y): remove_ticket *****
Arguments: 
{"id":7}
******************************************************************************

--------------------------------------------------------------------------------

Next speaker: SprintPlan


>>>>>>>> EXECUTING FUNCTION remove_ticket...
SprintPlan (to chat_manager):

SprintPlan (to chat_manager):

***** Response from calling tool (call_5vEtwrn5pg9YP4qti7c9qr8Y) *****
Ticket removed.

Current Sprint Plan
-------------------
{
  "goal": "Implement basic CRUD functionality for User entity in FastAPI application",
  "tickets": [
    {
      "title": "Setup FastAPI Project",
      "description": "Initialize a new FastAPI project and set up the basic project structure.",
      "acceptance_criteria": "A new FastAPI project is created with the necessary directory structure and configuration files.",
      "id": 1,
      "status": "todo"
    },
    {
      "title": "Implement In-Memory Storage",
      "description": "Implement an in-memory storage solution to temporarily hold user data.",
      "acceptance_criteria": "An in-memory storage solution is implemented and can store user data.",
      "id": 2,
      "status": "todo"
    },
    {
      "title": "Create User Endpoint (POST /users)",
      "description": "Implement the endpoint to create a new user with name and age.",
      "acceptance_criteria": "The POST /users endpoint is implemented and can create a new user, returning the user ID.",
      "id": 3,
      "status": "todo"
    },
    {
      "title": "Get User Endpoint (GET /users/{user_id})",
      "description": "Implement the endpoint to retrieve user details based on user ID.",
      "acceptance_criteria": "The GET /users/{user_id} endpoint is implemented and can retrieve user details based on user ID.",
      "id": 4,
      "status": "todo"
    },
    {
      "title": "Update User Endpoint (PUT /users/{user_id})",
      "description": "Implement the endpoint to update user information based on user ID.",
      "acceptance_criteria": "The PUT /users/{user_id} endpoint is implemented and can update user information based on user ID.",
      "id": 5,
      "status": "todo"
    },
    {
      "title": "Delete User Endpoint (DELETE /users/{user_id})",
      "description": "Implement the endpoint to delete a user based on user ID.",
      "acceptance_criteria": "The DELETE /users/{user_id} endpoint is implemented and can delete a user based on user ID.",
      "id": 6,
      "status": "todo"
    }
  ]
}
**********************************************************************

--------------------------------------------------------------------------------

Next speaker: SoftwarePlanner

SoftwarePlanner (to chat_manager):

### Updated Sprint Plan for Sprint 0

**Goal:** Implement basic CRUD functionality for User entity in FastAPI application

**Tickets:**

1. **Setup FastAPI Project**
   - **Description:** Initialize a new FastAPI project and set up the basic project structure.
   - **Acceptance Criteria:** A new FastAPI project is created with the necessary directory structure and configuration files.

2. **Implement In-Memory Storage**
   - **Description:** Implement an in-memory storage solution to temporarily hold user data.
   - **Acceptance Criteria:** An in-memory storage solution is implemented and can store user data.

3. **Create User Endpoint (POST /users)**
   - **Description:** Implement the endpoint to create a new user with name and age.
   - **Acceptance Criteria:** The POST /users endpoint is implemented and can create a new user, returning the user ID.

4. **Get User Endpoint (GET /users/{user_id})**
   - **Description:** Implement the endpoint to retrieve user details based on user ID.
   - **Acceptance Criteria:** The GET /users/{user_id} endpoint is implemented and can retrieve user details based on user ID.

5. **Update User Endpoint (PUT /users/{user_id})**
   - **Description:** Implement the endpoint to update user information based on user ID.
   - **Acceptance Criteria:** The PUT /users/{user_id} endpoint is implemented and can update user information based on user ID.

6. **Delete User Endpoint (DELETE /users/{user_id})**
   - **Description:** Implement the endpoint to delete a user based on user ID.
   - **Acceptance Criteria:** The DELETE /users/{user_id} endpoint is implemented and can delete a user based on user ID.

Would you like to approve this updated sprint plan?

--------------------------------------------------------------------------------

Next speaker: SprintPlan

SprintPlan (to chat_manager):



--------------------------------------------------------------------------------

Next speaker: SoftwarePlanner

SoftwarePlanner (to chat_manager):

***** Suggested tool call (call_79mX89VJSZ5DrGIbbXqsh8Mc): submit_sprint_plan *****
Arguments: 
{}
***********************************************************************************

--------------------------------------------------------------------------------

Next speaker: SprintPlan


>>>>>>>> EXECUTING FUNCTION submit_sprint_plan...
USER APPROVAL REQUESTED
-----------------------
Current Sprint Plan
-------------------
{
  "goal": "Implement basic CRUD functionality for User entity in FastAPI application",
  "tickets": [
    {
      "title": "Setup FastAPI Project",
      "description": "Initialize a new FastAPI project and set up the basic project structure.",
      "acceptance_criteria": "A new FastAPI project is created with the necessary directory structure and configuration files.",
      "id": 1,
      "status": "todo"
    },
    {
      "title": "Implement In-Memory Storage",
      "description": "Implement an in-memory storage solution to temporarily hold user data.",
      "acceptance_criteria": "An in-memory storage solution is implemented and can store user data.",
      "id": 2,
      "status": "todo"
    },
    {
      "title": "Create User Endpoint (POST /users)",
      "description": "Implement the endpoint to create a new user with name and age.",
      "acceptance_criteria": "The POST /users endpoint is implemented and can create a new user, returning the user ID.",
      "id": 3,
      "status": "todo"
    },
    {
      "title": "Get User Endpoint (GET /users/{user_id})",
      "description": "Implement the endpoint to retrieve user details based on user ID.",
      "acceptance_criteria": "The GET /users/{user_id} endpoint is implemented and can retrieve user details based on user ID.",
      "id": 4,
      "status": "todo"
    },
    {
      "title": "Update User Endpoint (PUT /users/{user_id})",
      "description": "Implement the endpoint to update user information based on user ID.",
      "acceptance_criteria": "The PUT /users/{user_id} endpoint is implemented and can update user information based on user ID.",
      "id": 5,
      "status": "todo"
    },
    {
      "title": "Delete User Endpoint (DELETE /users/{user_id})",
      "description": "Implement the endpoint to delete a user based on user ID.",
      "acceptance_criteria": "The DELETE /users/{user_id} endpoint is implemented and can delete a user based on user ID.",
      "id": 6,
      "status": "todo"
    }
  ]
}
SprintPlan (to chat_manager):

SprintPlan (to chat_manager):

***** Response from calling tool (call_79mX89VJSZ5DrGIbbXqsh8Mc) *****
Sprint plan submitted for approval.
**********************************************************************

--------------------------------------------------------------------------------

Next speaker: User

Replying as User. Provide feedback to chat_manager. Press enter to skip and use auto-reply, or type 'exit' to end the conversation: 