chat_manager (to Coder):

A new sprint has started. Solve the tickets you have been assigned to.

Current Sprint Goal
-------------------
Create documentation and ensure the application can be started easily.

You received a new ticket assigned to you:

Ticket
------
{
  "title": "Start Uvicorn Server in main.py",
  "description": "Modify the main.py file to start the Uvicorn server when the file is executed.",
  "acceptance_criteria": "The Uvicorn server starts when main.py is executed.",
  "id": 13,
  "status": "todo"
}

This is a file editor to make the necessary changes to the code base.

Working Directory
-----------------
<dir name='.'>
  <dir name='.pytest_cache' hidden />
  <dir name='app'>
    <file name='__init__.py'/>
    <file name='api.py'/>
    <file name='data_store.py'/>
    <file name='main.py'/>
    <file name='models.py'/>
    <file name='test_app.py'/>
  </dir>
  <file name='pytest.ini'/>
  <file name='requirements.txt'/>
</dir>

--------------------------------------------------------------------------------
Coder (to chat_manager):

***** Suggested tool call (call_wBwLTLnx8ooHj2Re02RiSakI): modify_file *****
Arguments: 
{"path":"app/main.py","start_line":1,"end_line":1,"new_code":"import uvicorn\nfrom fastapi import FastAPI\nfrom app.api import router\n\napp = FastAPI()\napp.include_router(router)\n\n@app.get('/')\ndef read_root():\n    return {\"message\": \"Hello World\"}\n\nif __name__ == \"__main__\":\n    uvicorn.run(app, host=\"0.0.0.0\", port=8000)\n"}
****************************************************************************

--------------------------------------------------------------------------------

Next speaker: Editor


>>>>>>>> EXECUTING FUNCTION modify_file...
Editor (to chat_manager):

Editor (to chat_manager):

***** Response from calling tool (call_wBwLTLnx8ooHj2Re02RiSakI) *****
Content of app/main.py has been updated.

Content of app/main.py
----------------
  1| import uvicorn
  2| from fastapi import FastAPI
  3| from app.api import router
  4| 
  5| app = FastAPI()
  6| app.include_router(router)
  7| 
  8| @app.get('/')
  9| def read_root():
 10|     return {"message": "Hello World"}
 11| 
 12| if __name__ == "__main__":
 13|     uvicorn.run(app, host="0.0.0.0", port=8000)
 14| from fastapi import FastAPI
 15| 
 16| app = FastAPI()
 17| app.include_router(router)
 18| 
 19| 
 20| @app.get("/")
 21| def read_root():
 22|     return {"message": "Hello World"}
<<EOF
**********************************************************************

--------------------------------------------------------------------------------

Next speaker: Coder

Coder (to chat_manager):

***** Suggested tool call (call_Ggpcwf96Agel1zMCFDj8teKt): modify_file *****
Arguments: 
{"path":"app/main.py","start_line":14,"end_line":22,"new_code":""}
****************************************************************************

--------------------------------------------------------------------------------

Next speaker: Editor


>>>>>>>> EXECUTING FUNCTION modify_file...
Editor (to chat_manager):

Editor (to chat_manager):

***** Response from calling tool (call_Ggpcwf96Agel1zMCFDj8teKt) *****
Content of app/main.py has been updated.

Content of app/main.py
----------------
  1| import uvicorn
  2| from fastapi import FastAPI
  3| from app.api import router
  4| 
  5| app = FastAPI()
  6| app.include_router(router)
  7| 
  8| @app.get('/')
  9| def read_root():
 10|     return {"message": "Hello World"}
 11| 
 12| if __name__ == "__main__":
 13|     uvicorn.run(app, host="0.0.0.0", port=8000)
<<EOF
**********************************************************************

--------------------------------------------------------------------------------

Next speaker: Coder

Coder (to chat_manager):

The `main.py` file has been successfully modified to start the Uvicorn server when the file is executed. Here is a summary of the changes made:

1. Imported `uvicorn`.
2. Added a conditional block to start the Uvicorn server if `main.py` is executed directly.

The project is now ready to start the Uvicorn server when `main.py` is executed.

Would you like to proceed with submitting this ticket, or is there anything else you would like to add or modify?

--------------------------------------------------------------------------------

Next speaker: Editor

Editor (to chat_manager):

Only submit the ticket, if you are sure that the implementation is correct.

--------------------------------------------------------------------------------

Next speaker: Coder

Coder (to chat_manager):

***** Suggested tool call (call_loUgDi2UghhdeZ7VGVnQM925): submit_ticket *****
Arguments: 
{}
******************************************************************************

--------------------------------------------------------------------------------

Next speaker: Editor


>>>>>>>> EXECUTING FUNCTION submit_ticket...
Editor (to chat_manager):

Editor (to chat_manager):

***** Response from calling tool (call_loUgDi2UghhdeZ7VGVnQM925) *****
Ticket submitted.
**********************************************************************

--------------------------------------------------------------------------------
chat_manager (to Coder):

A new sprint has started. Solve the tickets you have been assigned to.

Current Sprint Goal
-------------------
Create documentation and ensure the application can be started easily.

You received a new ticket assigned to you:

Ticket
------
{
  "title": "Create README Documentation",
  "description": "Create a README file with instructions on how to start the FastAPI application.",
  "acceptance_criteria": "A README file is created with clear instructions on how to start the FastAPI application.",
  "id": 12,
  "status": "todo"
}

This is a file editor to make the necessary changes to the code base.

Working Directory
-----------------
<dir name='.'>
  <dir name='.pytest_cache' hidden />
  <dir name='app'>
    <file name='__init__.py'/>
    <file name='api.py'/>
    <file name='data_store.py'/>
    <file name='main.py'/>
    <file name='models.py'/>
    <file name='test_app.py'/>
  </dir>
  <file name='pytest.ini'/>
  <file name='requirements.txt'/>
</dir>

--------------------------------------------------------------------------------
Coder (to chat_manager):

***** Suggested tool call (call_nYjUAB7XGm2MgLZDkzrxgK9Q): create_file *****
Arguments: 
{"path":"README.md","initial_content":"# FastAPI CRUD Application\n\nThis is a simple FastAPI application that provides CRUD (Create, Read, Update, Delete) operations for a User entity.\n\n## Requirements\n\n- Python 3.10+\n- FastAPI\n- Uvicorn\n\n## Installation\n\n1. Clone the repository:\n\n```bash\n$ git clone <repository_url>\n$ cd <repository_name>\n```\n\n2. Install the dependencies:\n\n```bash\n$ pip install -r requirements.txt\n```\n\n## Running the Application\n\nTo start the FastAPI application, run the following command:\n\n```bash\n$ python app/main.py\n```\n\nThe application will be available at `http://127.0.0.1:8000`.\n\n## API Endpoints\n\n- **POST /users**: Create a new user with name and age and return the user ID.\n- **GET /users/{user_id}**: Retrieve the details of a user based on the user ID.\n- **PUT /users/{user_id}**: Update the information of a user (name and/or age) based on the user ID.\n- **DELETE /users/{user_id}**: Delete a user based on the user ID.\n\n## Running Tests\n\nTo run the tests, use the following command:\n\n```bash\n$ pytest\n```\n"}
****************************************************************************

--------------------------------------------------------------------------------

Next speaker: Editor


>>>>>>>> EXECUTING FUNCTION create_file...
Editor (to chat_manager):

Editor (to chat_manager):

***** Response from calling tool (call_nYjUAB7XGm2MgLZDkzrxgK9Q) *****
File README.md created.

Working Directory
-----------------
<dir name='.'>
  <dir name='.pytest_cache' hidden />
  <dir name='app'>
    <file name='__init__.py'/>
    <file name='api.py'/>
    <file name='data_store.py'/>
    <file name='main.py'/>
    <file name='models.py'/>
    <file name='test_app.py'/>
  </dir>
  <file name='README.md'/>
  <file name='pytest.ini'/>
  <file name='requirements.txt'/>
</dir>

Content of README.md
----------------
  1| # FastAPI CRUD Application
  2| 
  3| This is a simple FastAPI application that provides CRUD (Create, Read, Update, Delete) operations for a User entity.
  4| 
  5| ## Requirements
  6| 
  7| - Python 3.10+
  8| - FastAPI
  9| - Uvicorn
 10| 
 11| ## Installation
 12| 
 13| 1. Clone the repository:
 14| 
 15| ```bash
 16| $ git clone <repository_url>
 17| $ cd <repository_name>
 18| ```
 19| 
 20| 2. Install the dependencies:
 21| 
 22| ```bash
 23| $ pip install -r requirements.txt
 24| ```
 25| 
 26| ## Running the Application
 27| 
 28| To start the FastAPI application, run the following command:
 29| 
 30| ```bash
 31| $ python app/main.py
 32| ```
 33| 
 34| The application will be available at `http://127.0.0.1:8000`.
 35| 
 36| ## API Endpoints
 37| 
 38| - **POST /users**: Create a new user with name and age and return the user ID.
 39| - **GET /users/{user_id}**: Retrieve the details of a user based on the user ID.
 40| - **PUT /users/{user_id}**: Update the information of a user (name and/or age) based on the user ID.
 41| - **DELETE /users/{user_id}**: Delete a user based on the user ID.
 42| 
 43| ## Running Tests
 44| 
 45| To run the tests, use the following command:
 46| 
 47| ```bash
 48| $ pytest
 49| ```
<<EOF
**********************************************************************

--------------------------------------------------------------------------------

Next speaker: Coder

Coder (to chat_manager):

The README file has been successfully created with clear instructions on how to start the FastAPI application. Here is a summary of the content:

1. **Requirements**: Lists the required dependencies.
2. **Installation**: Provides instructions on how to clone the repository and install dependencies.
3. **Running the Application**: Explains how to start the FastAPI application.
4. **API Endpoints**: Describes the available CRUD endpoints.
5. **Running Tests**: Provides instructions on how to run the tests.

Would you like to proceed with submitting this ticket, or is there anything else you would like to add or modify?

--------------------------------------------------------------------------------

Next speaker: Editor

Editor (to chat_manager):

Only submit the ticket, if you are sure that the implementation is correct.

--------------------------------------------------------------------------------

Next speaker: Coder

Coder (to chat_manager):

***** Suggested tool call (call_Rp7oqTQmWTvJwsz6ULj4xLXj): submit_ticket *****
Arguments: 
{}
******************************************************************************

--------------------------------------------------------------------------------

Next speaker: Editor


>>>>>>>> EXECUTING FUNCTION submit_ticket...
Editor (to chat_manager):

Editor (to chat_manager):

***** Response from calling tool (call_Rp7oqTQmWTvJwsz6ULj4xLXj) *****
Ticket submitted.
**********************************************************************

--------------------------------------------------------------------------------
