chat_manager (to User):

Before starting the next sprint planning, provide a detailed review of the previous sprint.

--------------------------------------------------------------------------------
Replying as User. Provide feedback to chat_manager. Press enter to skip and use auto-reply, or type 'exit' to end the conversation: 
>>>>>>>> NO HUMAN INPUT RECEIVED.

>>>>>>>> USING AUTO REPLY...
User (to chat_manager):



--------------------------------------------------------------------------------

Next speaker: User

Replying as User. Provide feedback to chat_manager. Press enter to skip and use auto-reply, or type 'exit' to end the conversation: User (to chat_manager):

All tickets were executed successfully. I cannot start the application right now. The next sprint should focus on creating a read me to enable the user to start the application. Also in the main py, the uvicorn server should be started when executing the file.

--------------------------------------------------------------------------------

Next speaker: User

Replying as User. Provide feedback to chat_manager. Press enter to skip and use auto-reply, or type 'exit' to end the conversation: chat_manager (to SoftwarePlanner):

Start planning sprint 2. If you are happy with the sprint plan, get the user's approval.

--------------------------------------------------------------------------------
SoftwarePlanner (to chat_manager):

***** Suggested tool call (call_V3syryi9z9MlZV3fjMXmkG51): init_sprint_plan *****
Arguments: 
{"goal":"Create documentation and ensure the application can be started easily."}
*********************************************************************************

--------------------------------------------------------------------------------

Next speaker: SprintPlan


>>>>>>>> EXECUTING FUNCTION init_sprint_plan...
SprintPlan (to chat_manager):

SprintPlan (to chat_manager):

***** Response from calling tool (call_V3syryi9z9MlZV3fjMXmkG51) *****
Sprint plan initialized.
**********************************************************************

--------------------------------------------------------------------------------

Next speaker: SoftwarePlanner

SoftwarePlanner (to chat_manager):

***** Suggested tool call (call_Lco5WhX5Pr7qgC8T5mbIhNIj): add_ticket *****
Arguments: 
{"ticket": {"title": "Create README Documentation", "description": "Create a README file with instructions on how to start the FastAPI application.", "acceptance_criteria": "A README file is created with clear instructions on how to start the FastAPI application."}, "position": 1}
***************************************************************************
***** Suggested tool call (call_pA7LjhgV6qRkDzbp6PjzMCS0): add_ticket *****
Arguments: 
{"ticket": {"title": "Start Uvicorn Server in main.py", "description": "Modify the main.py file to start the Uvicorn server when the file is executed.", "acceptance_criteria": "The Uvicorn server starts when main.py is executed."}, "position": 2}
***************************************************************************

--------------------------------------------------------------------------------

Next speaker: SprintPlan


>>>>>>>> EXECUTING FUNCTION add_ticket...

>>>>>>>> EXECUTING FUNCTION add_ticket...
SprintPlan (to chat_manager):

SprintPlan (to chat_manager):

***** Response from calling tool (call_Lco5WhX5Pr7qgC8T5mbIhNIj) *****
Ticket added.

Current Sprint Plan
-------------------
{
  "goal": "Create documentation and ensure the application can be started easily.",
  "tickets": [
    {
      "title": "Create README Documentation",
      "description": "Create a README file with instructions on how to start the FastAPI application.",
      "acceptance_criteria": "A README file is created with clear instructions on how to start the FastAPI application.",
      "id": 12,
      "status": "todo"
    }
  ]
}
**********************************************************************

--------------------------------------------------------------------------------
SprintPlan (to chat_manager):

***** Response from calling tool (call_pA7LjhgV6qRkDzbp6PjzMCS0) *****
Ticket added.

Current Sprint Plan
-------------------
{
  "goal": "Create documentation and ensure the application can be started easily.",
  "tickets": [
    {
      "title": "Create README Documentation",
      "description": "Create a README file with instructions on how to start the FastAPI application.",
      "acceptance_criteria": "A README file is created with clear instructions on how to start the FastAPI application.",
      "id": 12,
      "status": "todo"
    },
    {
      "title": "Start Uvicorn Server in main.py",
      "description": "Modify the main.py file to start the Uvicorn server when the file is executed.",
      "acceptance_criteria": "The Uvicorn server starts when main.py is executed.",
      "id": 13,
      "status": "todo"
    }
  ]
}
**********************************************************************

--------------------------------------------------------------------------------

Next speaker: SoftwarePlanner

SoftwarePlanner (to chat_manager):

***** Suggested tool call (call_Bm2zNVdkrAD7ido0NU4L1T8h): show_sprint_plan *****
Arguments: 
{}
*********************************************************************************

--------------------------------------------------------------------------------

Next speaker: SprintPlan


>>>>>>>> EXECUTING FUNCTION show_sprint_plan...
SprintPlan (to chat_manager):

SprintPlan (to chat_manager):

***** Response from calling tool (call_Bm2zNVdkrAD7ido0NU4L1T8h) *****
Current Sprint Plan
-------------------
{
  "goal": "Create documentation and ensure the application can be started easily.",
  "tickets": [
    {
      "title": "Create README Documentation",
      "description": "Create a README file with instructions on how to start the FastAPI application.",
      "acceptance_criteria": "A README file is created with clear instructions on how to start the FastAPI application.",
      "id": 12,
      "status": "todo"
    },
    {
      "title": "Start Uvicorn Server in main.py",
      "description": "Modify the main.py file to start the Uvicorn server when the file is executed.",
      "acceptance_criteria": "The Uvicorn server starts when main.py is executed.",
      "id": 13,
      "status": "todo"
    }
  ]
}
**********************************************************************

--------------------------------------------------------------------------------

Next speaker: SoftwarePlanner

SoftwarePlanner (to chat_manager):

### Sprint Plan for Sprint 2

**Goal:** Create documentation and ensure the application can be started easily.

**Tickets:**

1. **Create README Documentation**
   - **Description:** Create a README file with instructions on how to start the FastAPI application.
   - **Acceptance Criteria:** A README file is created with clear instructions on how to start the FastAPI application.

2. **Start Uvicorn Server in main.py**
   - **Description:** Modify the main.py file to start the Uvicorn server when the file is executed.
   - **Acceptance Criteria:** The Uvicorn server starts when main.py is executed.

Would you like to approve this sprint plan or make any adjustments?

--------------------------------------------------------------------------------

Next speaker: SprintPlan

SprintPlan (to chat_manager):



--------------------------------------------------------------------------------

Next speaker: SoftwarePlanner

SoftwarePlanner (to chat_manager):

***** Suggested tool call (call_kwIbpDlgBfo1YL6HdNawpYW5): submit_sprint_plan *****
Arguments: 
{}
***********************************************************************************

--------------------------------------------------------------------------------

Next speaker: SprintPlan


>>>>>>>> EXECUTING FUNCTION submit_sprint_plan...
USER APPROVAL REQUESTED
-----------------------
Current Sprint Plan
-------------------
{
  "goal": "Create documentation and ensure the application can be started easily.",
  "tickets": [
    {
      "title": "Create README Documentation",
      "description": "Create a README file with instructions on how to start the FastAPI application.",
      "acceptance_criteria": "A README file is created with clear instructions on how to start the FastAPI application.",
      "id": 12,
      "status": "todo"
    },
    {
      "title": "Start Uvicorn Server in main.py",
      "description": "Modify the main.py file to start the Uvicorn server when the file is executed.",
      "acceptance_criteria": "The Uvicorn server starts when main.py is executed.",
      "id": 13,
      "status": "todo"
    }
  ]
}
SprintPlan (to chat_manager):

SprintPlan (to chat_manager):

***** Response from calling tool (call_kwIbpDlgBfo1YL6HdNawpYW5) *****
Sprint plan submitted for approval.
**********************************************************************

--------------------------------------------------------------------------------

Next speaker: User

Replying as User. Provide feedback to chat_manager. Press enter to skip and use auto-reply, or type 'exit' to end the conversation: User (to chat_manager):

The fix with the app startup should come first.

--------------------------------------------------------------------------------

Next speaker: SoftwarePlanner

SoftwarePlanner (to chat_manager):

***** Suggested tool call (call_EVAeU4VyC7OC7ilj25bU6K1u): move_ticket *****
Arguments: 
{"id":13,"new_position":1}
****************************************************************************

--------------------------------------------------------------------------------

Next speaker: SprintPlan


>>>>>>>> EXECUTING FUNCTION move_ticket...
SprintPlan (to chat_manager):

SprintPlan (to chat_manager):

***** Response from calling tool (call_EVAeU4VyC7OC7ilj25bU6K1u) *****
Ticket moved.

Current Sprint Plan
-------------------
{
  "goal": "Create documentation and ensure the application can be started easily.",
  "tickets": [
    {
      "title": "Start Uvicorn Server in main.py",
      "description": "Modify the main.py file to start the Uvicorn server when the file is executed.",
      "acceptance_criteria": "The Uvicorn server starts when main.py is executed.",
      "id": 13,
      "status": "todo"
    },
    {
      "title": "Create README Documentation",
      "description": "Create a README file with instructions on how to start the FastAPI application.",
      "acceptance_criteria": "A README file is created with clear instructions on how to start the FastAPI application.",
      "id": 12,
      "status": "todo"
    }
  ]
}
**********************************************************************

--------------------------------------------------------------------------------

Next speaker: SoftwarePlanner

SoftwarePlanner (to chat_manager):

### Updated Sprint Plan for Sprint 2

**Goal:** Create documentation and ensure the application can be started easily.

**Tickets:**

1. **Start Uvicorn Server in main.py**
   - **Description:** Modify the main.py file to start the Uvicorn server when the file is executed.
   - **Acceptance Criteria:** The Uvicorn server starts when main.py is executed.

2. **Create README Documentation**
   - **Description:** Create a README file with instructions on how to start the FastAPI application.
   - **Acceptance Criteria:** A README file is created with clear instructions on how to start the FastAPI application.

Would you like to approve this updated sprint plan?

--------------------------------------------------------------------------------

Next speaker: SprintPlan

SprintPlan (to chat_manager):



--------------------------------------------------------------------------------

Next speaker: SoftwarePlanner

SoftwarePlanner (to chat_manager):

***** Suggested tool call (call_CFNmIanQ4BF5Qpb6L5WR9nCn): submit_sprint_plan *****
Arguments: 
{}
***********************************************************************************

--------------------------------------------------------------------------------

Next speaker: SprintPlan


>>>>>>>> EXECUTING FUNCTION submit_sprint_plan...
USER APPROVAL REQUESTED
-----------------------
Current Sprint Plan
-------------------
{
  "goal": "Create documentation and ensure the application can be started easily.",
  "tickets": [
    {
      "title": "Start Uvicorn Server in main.py",
      "description": "Modify the main.py file to start the Uvicorn server when the file is executed.",
      "acceptance_criteria": "The Uvicorn server starts when main.py is executed.",
      "id": 13,
      "status": "todo"
    },
    {
      "title": "Create README Documentation",
      "description": "Create a README file with instructions on how to start the FastAPI application.",
      "acceptance_criteria": "A README file is created with clear instructions on how to start the FastAPI application.",
      "id": 12,
      "status": "todo"
    }
  ]
}
SprintPlan (to chat_manager):

SprintPlan (to chat_manager):

***** Response from calling tool (call_CFNmIanQ4BF5Qpb6L5WR9nCn) *****
Sprint plan submitted for approval.
**********************************************************************

--------------------------------------------------------------------------------

Next speaker: User

Replying as User. Provide feedback to chat_manager. Press enter to skip and use auto-reply, or type 'exit' to end the conversation: 