chat_manager (to User):

Before starting the next sprint planning, provide a detailed review of the previous sprint.

--------------------------------------------------------------------------------
Replying as User. Provide feedback to chat_manager. Press enter to skip and use auto-reply, or type 'exit' to end the conversation: User (to chat_manager):

Some tickets failed. The new api router was not integrated in the main.py. The User storage is not storing users but strings, which is wrong and should be fixed. Also the user apis need to be refactored as they do not store user object but their string representation. Also something was wrong because the user model is now missing the age attribute which is crucial for the application. Focus the sprint on these topics in a logical order.

--------------------------------------------------------------------------------

Next speaker: User

Replying as User. Provide feedback to chat_manager. Press enter to skip and use auto-reply, or type 'exit' to end the conversation: chat_manager (to SoftwarePlanner):

Start planning sprint 4. If you are happy with the sprint plan, get the user's approval.

--------------------------------------------------------------------------------
SoftwarePlanner (to chat_manager):

***** Suggested tool call (call_qXRpr9j1NWIDCbY2loIAU4aL): init_sprint_plan *****
Arguments: 
{"goal":"Fix issues with user storage, user model, and integrate the new API router in main.py."}
*********************************************************************************

--------------------------------------------------------------------------------

Next speaker: SprintPlan


>>>>>>>> EXECUTING FUNCTION init_sprint_plan...
SprintPlan (to chat_manager):

SprintPlan (to chat_manager):

***** Response from calling tool (call_qXRpr9j1NWIDCbY2loIAU4aL) *****
Sprint plan initialized.
**********************************************************************

--------------------------------------------------------------------------------

Next speaker: SoftwarePlanner

SoftwarePlanner (to chat_manager):

***** Suggested tool call (call_uPTNKYlgPI3LggwcEypeFaZ0): add_ticket *****
Arguments: 
{"ticket": {"title": "Fix User Model", "description": "Add the missing age attribute to the User model.", "acceptance_criteria": "The User model includes the age attribute."}, "position": 1}
***************************************************************************
***** Suggested tool call (call_HrFJ1ygP1T5VlzfWriVJZUBF): add_ticket *****
Arguments: 
{"ticket": {"title": "Fix User Storage", "description": "Ensure that the user storage stores User objects instead of their string representation.", "acceptance_criteria": "User storage stores User objects correctly."}, "position": 2}
***************************************************************************
***** Suggested tool call (call_z3FFhBpJ4Dg5xRfr4nxaoqg8): add_ticket *****
Arguments: 
{"ticket": {"title": "Refactor User APIs", "description": "Refactor the user APIs to store and retrieve User objects instead of their string representation.", "acceptance_criteria": "User APIs store and retrieve User objects correctly."}, "position": 3}
***************************************************************************
***** Suggested tool call (call_Cx5Q1j6K3S5VHUAR54XVVTXD): add_ticket *****
Arguments: 
{"ticket": {"title": "Integrate New API Router in main.py", "description": "Integrate the new API router for the game eligibility check in the main.py file.", "acceptance_criteria": "The new API router is integrated in the main.py file."}, "position": 4}
***************************************************************************

--------------------------------------------------------------------------------

Next speaker: SprintPlan


>>>>>>>> EXECUTING FUNCTION add_ticket...

>>>>>>>> EXECUTING FUNCTION add_ticket...

>>>>>>>> EXECUTING FUNCTION add_ticket...

>>>>>>>> EXECUTING FUNCTION add_ticket...
SprintPlan (to chat_manager):

SprintPlan (to chat_manager):

***** Response from calling tool (call_uPTNKYlgPI3LggwcEypeFaZ0) *****
Ticket added.

Current Sprint Plan
-------------------
{
  "goal": "Fix issues with user storage, user model, and integrate the new API router in main.py.",
  "tickets": [
    {
      "title": "Fix User Model",
      "description": "Add the missing age attribute to the User model.",
      "acceptance_criteria": "The User model includes the age attribute.",
      "id": 18,
      "status": "todo"
    }
  ]
}
**********************************************************************

--------------------------------------------------------------------------------
SprintPlan (to chat_manager):

***** Response from calling tool (call_HrFJ1ygP1T5VlzfWriVJZUBF) *****
Ticket added.

Current Sprint Plan
-------------------
{
  "goal": "Fix issues with user storage, user model, and integrate the new API router in main.py.",
  "tickets": [
    {
      "title": "Fix User Model",
      "description": "Add the missing age attribute to the User model.",
      "acceptance_criteria": "The User model includes the age attribute.",
      "id": 18,
      "status": "todo"
    },
    {
      "title": "Fix User Storage",
      "description": "Ensure that the user storage stores User objects instead of their string representation.",
      "acceptance_criteria": "User storage stores User objects correctly.",
      "id": 19,
      "status": "todo"
    }
  ]
}
**********************************************************************

--------------------------------------------------------------------------------
SprintPlan (to chat_manager):

***** Response from calling tool (call_z3FFhBpJ4Dg5xRfr4nxaoqg8) *****
Ticket added.

Current Sprint Plan
-------------------
{
  "goal": "Fix issues with user storage, user model, and integrate the new API router in main.py.",
  "tickets": [
    {
      "title": "Fix User Model",
      "description": "Add the missing age attribute to the User model.",
      "acceptance_criteria": "The User model includes the age attribute.",
      "id": 18,
      "status": "todo"
    },
    {
      "title": "Fix User Storage",
      "description": "Ensure that the user storage stores User objects instead of their string representation.",
      "acceptance_criteria": "User storage stores User objects correctly.",
      "id": 19,
      "status": "todo"
    },
    {
      "title": "Refactor User APIs",
      "description": "Refactor the user APIs to store and retrieve User objects instead of their string representation.",
      "acceptance_criteria": "User APIs store and retrieve User objects correctly.",
      "id": 20,
      "status": "todo"
    }
  ]
}
**********************************************************************

--------------------------------------------------------------------------------
SprintPlan (to chat_manager):

***** Response from calling tool (call_Cx5Q1j6K3S5VHUAR54XVVTXD) *****
Ticket added.

Current Sprint Plan
-------------------
{
  "goal": "Fix issues with user storage, user model, and integrate the new API router in main.py.",
  "tickets": [
    {
      "title": "Fix User Model",
      "description": "Add the missing age attribute to the User model.",
      "acceptance_criteria": "The User model includes the age attribute.",
      "id": 18,
      "status": "todo"
    },
    {
      "title": "Fix User Storage",
      "description": "Ensure that the user storage stores User objects instead of their string representation.",
      "acceptance_criteria": "User storage stores User objects correctly.",
      "id": 19,
      "status": "todo"
    },
    {
      "title": "Refactor User APIs",
      "description": "Refactor the user APIs to store and retrieve User objects instead of their string representation.",
      "acceptance_criteria": "User APIs store and retrieve User objects correctly.",
      "id": 20,
      "status": "todo"
    },
    {
      "title": "Integrate New API Router in main.py",
      "description": "Integrate the new API router for the game eligibility check in the main.py file.",
      "acceptance_criteria": "The new API router is integrated in the main.py file.",
      "id": 21,
      "status": "todo"
    }
  ]
}
**********************************************************************

--------------------------------------------------------------------------------

Next speaker: SoftwarePlanner

SoftwarePlanner (to chat_manager):

***** Suggested tool call (call_wqShPUsD5UoeeIVzd3NP23tF): show_sprint_plan *****
Arguments: 
{}
*********************************************************************************

--------------------------------------------------------------------------------

Next speaker: SprintPlan


>>>>>>>> EXECUTING FUNCTION show_sprint_plan...
SprintPlan (to chat_manager):

SprintPlan (to chat_manager):

***** Response from calling tool (call_wqShPUsD5UoeeIVzd3NP23tF) *****
Current Sprint Plan
-------------------
{
  "goal": "Fix issues with user storage, user model, and integrate the new API router in main.py.",
  "tickets": [
    {
      "title": "Fix User Model",
      "description": "Add the missing age attribute to the User model.",
      "acceptance_criteria": "The User model includes the age attribute.",
      "id": 18,
      "status": "todo"
    },
    {
      "title": "Fix User Storage",
      "description": "Ensure that the user storage stores User objects instead of their string representation.",
      "acceptance_criteria": "User storage stores User objects correctly.",
      "id": 19,
      "status": "todo"
    },
    {
      "title": "Refactor User APIs",
      "description": "Refactor the user APIs to store and retrieve User objects instead of their string representation.",
      "acceptance_criteria": "User APIs store and retrieve User objects correctly.",
      "id": 20,
      "status": "todo"
    },
    {
      "title": "Integrate New API Router in main.py",
      "description": "Integrate the new API router for the game eligibility check in the main.py file.",
      "acceptance_criteria": "The new API router is integrated in the main.py file.",
      "id": 21,
      "status": "todo"
    }
  ]
}
**********************************************************************

--------------------------------------------------------------------------------

Next speaker: SoftwarePlanner

SoftwarePlanner (to chat_manager):

### Sprint Plan for Sprint 4

**Goal:** Fix issues with user storage, user model, and integrate the new API router in main.py.

**Tickets:**

1. **Fix User Model**
   - **Description:** Add the missing age attribute to the User model.
   - **Acceptance Criteria:** The User model includes the age attribute.

2. **Fix User Storage**
   - **Description:** Ensure that the user storage stores User objects instead of their string representation.
   - **Acceptance Criteria:** User storage stores User objects correctly.

3. **Refactor User APIs**
   - **Description:** Refactor the user APIs to store and retrieve User objects instead of their string representation.
   - **Acceptance Criteria:** User APIs store and retrieve User objects correctly.

4. **Integrate New API Router in main.py**
   - **Description:** Integrate the new API router for the game eligibility check in the main.py file.
   - **Acceptance Criteria:** The new API router is integrated in the main.py file.

Would you like to approve this sprint plan or make any adjustments?

--------------------------------------------------------------------------------

Next speaker: SprintPlan

SprintPlan (to chat_manager):



--------------------------------------------------------------------------------

Next speaker: SoftwarePlanner

SoftwarePlanner (to chat_manager):

***** Suggested tool call (call_XICrjthWG8l84lqIpPzeUXPC): submit_sprint_plan *****
Arguments: 
{}
***********************************************************************************

--------------------------------------------------------------------------------

Next speaker: SprintPlan


>>>>>>>> EXECUTING FUNCTION submit_sprint_plan...
USER APPROVAL REQUESTED
-----------------------
Current Sprint Plan
-------------------
{
  "goal": "Fix issues with user storage, user model, and integrate the new API router in main.py.",
  "tickets": [
    {
      "title": "Fix User Model",
      "description": "Add the missing age attribute to the User model.",
      "acceptance_criteria": "The User model includes the age attribute.",
      "id": 18,
      "status": "todo"
    },
    {
      "title": "Fix User Storage",
      "description": "Ensure that the user storage stores User objects instead of their string representation.",
      "acceptance_criteria": "User storage stores User objects correctly.",
      "id": 19,
      "status": "todo"
    },
    {
      "title": "Refactor User APIs",
      "description": "Refactor the user APIs to store and retrieve User objects instead of their string representation.",
      "acceptance_criteria": "User APIs store and retrieve User objects correctly.",
      "id": 20,
      "status": "todo"
    },
    {
      "title": "Integrate New API Router in main.py",
      "description": "Integrate the new API router for the game eligibility check in the main.py file.",
      "acceptance_criteria": "The new API router is integrated in the main.py file.",
      "id": 21,
      "status": "todo"
    }
  ]
}
SprintPlan (to chat_manager):

SprintPlan (to chat_manager):

***** Response from calling tool (call_XICrjthWG8l84lqIpPzeUXPC) *****
Sprint plan submitted for approval.
**********************************************************************

--------------------------------------------------------------------------------

Next speaker: User

Replying as User. Provide feedback to chat_manager. Press enter to skip and use auto-reply, or type 'exit' to end the conversation: User (to chat_manager):

Also remind the developer team in the sprint goal to not run testing for this sprint.

--------------------------------------------------------------------------------

Next speaker: SoftwarePlanner

SoftwarePlanner (to chat_manager):

***** Suggested tool call (call_sCOkvA5VyAGUvnICG8yxZrFu): update_ticket *****
Arguments: 
{"id":18,"ticket":{"title":"Fix User Model","description":"Add the missing age attribute to the User model. Note: Do not run testing for this sprint.","acceptance_criteria":"The User model includes the age attribute."}}
******************************************************************************

--------------------------------------------------------------------------------

Next speaker: SprintPlan


>>>>>>>> EXECUTING FUNCTION update_ticket...
SprintPlan (to chat_manager):

SprintPlan (to chat_manager):

***** Response from calling tool (call_sCOkvA5VyAGUvnICG8yxZrFu) *****
Ticket updated.

Current Sprint Plan
-------------------
{
  "goal": "Fix issues with user storage, user model, and integrate the new API router in main.py.",
  "tickets": [
    {
      "title": "Fix User Model",
      "description": "Add the missing age attribute to the User model. Note: Do not run testing for this sprint.",
      "acceptance_criteria": "The User model includes the age attribute.",
      "id": 18,
      "status": "todo"
    },
    {
      "title": "Fix User Storage",
      "description": "Ensure that the user storage stores User objects instead of their string representation.",
      "acceptance_criteria": "User storage stores User objects correctly.",
      "id": 19,
      "status": "todo"
    },
    {
      "title": "Refactor User APIs",
      "description": "Refactor the user APIs to store and retrieve User objects instead of their string representation.",
      "acceptance_criteria": "User APIs store and retrieve User objects correctly.",
      "id": 20,
      "status": "todo"
    },
    {
      "title": "Integrate New API Router in main.py",
      "description": "Integrate the new API router for the game eligibility check in the main.py file.",
      "acceptance_criteria": "The new API router is integrated in the main.py file.",
      "id": 21,
      "status": "todo"
    }
  ]
}
**********************************************************************

--------------------------------------------------------------------------------

Next speaker: SoftwarePlanner

SoftwarePlanner (to chat_manager):

***** Suggested tool call (call_Wi1tO9q7xB0V1vjnEjCaOim5): update_ticket *****
Arguments: 
{"id":19,"ticket":{"title":"Fix User Storage","description":"Ensure that the user storage stores User objects instead of their string representation. Note: Do not run testing for this sprint.","acceptance_criteria":"User storage stores User objects correctly."}}
******************************************************************************

--------------------------------------------------------------------------------

Next speaker: SprintPlan


>>>>>>>> EXECUTING FUNCTION update_ticket...
SprintPlan (to chat_manager):

SprintPlan (to chat_manager):

***** Response from calling tool (call_Wi1tO9q7xB0V1vjnEjCaOim5) *****
Ticket updated.

Current Sprint Plan
-------------------
{
  "goal": "Fix issues with user storage, user model, and integrate the new API router in main.py.",
  "tickets": [
    {
      "title": "Fix User Model",
      "description": "Add the missing age attribute to the User model. Note: Do not run testing for this sprint.",
      "acceptance_criteria": "The User model includes the age attribute.",
      "id": 18,
      "status": "todo"
    },
    {
      "title": "Fix User Storage",
      "description": "Ensure that the user storage stores User objects instead of their string representation. Note: Do not run testing for this sprint.",
      "acceptance_criteria": "User storage stores User objects correctly.",
      "id": 19,
      "status": "todo"
    },
    {
      "title": "Refactor User APIs",
      "description": "Refactor the user APIs to store and retrieve User objects instead of their string representation.",
      "acceptance_criteria": "User APIs store and retrieve User objects correctly.",
      "id": 20,
      "status": "todo"
    },
    {
      "title": "Integrate New API Router in main.py",
      "description": "Integrate the new API router for the game eligibility check in the main.py file.",
      "acceptance_criteria": "The new API router is integrated in the main.py file.",
      "id": 21,
      "status": "todo"
    }
  ]
}
**********************************************************************

--------------------------------------------------------------------------------

Next speaker: SoftwarePlanner

SoftwarePlanner (to chat_manager):

***** Suggested tool call (call_XICrjthWG8l84lqIpPzeUXPC): update_ticket *****
Arguments: 
{"id":20,"ticket":{"title":"Refactor User APIs","description":"Refactor the user APIs to store and retrieve User objects instead of their string representation. Note: Do not run testing for this sprint.","acceptance_criteria":"User APIs store and retrieve User objects correctly."}}
******************************************************************************

--------------------------------------------------------------------------------

Next speaker: SprintPlan


>>>>>>>> EXECUTING FUNCTION update_ticket...
SprintPlan (to chat_manager):

SprintPlan (to chat_manager):

***** Response from calling tool (call_XICrjthWG8l84lqIpPzeUXPC) *****
Ticket updated.

Current Sprint Plan
-------------------
{
  "goal": "Fix issues with user storage, user model, and integrate the new API router in main.py.",
  "tickets": [
    {
      "title": "Fix User Model",
      "description": "Add the missing age attribute to the User model. Note: Do not run testing for this sprint.",
      "acceptance_criteria": "The User model includes the age attribute.",
      "id": 18,
      "status": "todo"
    },
    {
      "title": "Fix User Storage",
      "description": "Ensure that the user storage stores User objects instead of their string representation. Note: Do not run testing for this sprint.",
      "acceptance_criteria": "User storage stores User objects correctly.",
      "id": 19,
      "status": "todo"
    },
    {
      "title": "Refactor User APIs",
      "description": "Refactor the user APIs to store and retrieve User objects instead of their string representation. Note: Do not run testing for this sprint.",
      "acceptance_criteria": "User APIs store and retrieve User objects correctly.",
      "id": 20,
      "status": "todo"
    },
    {
      "title": "Integrate New API Router in main.py",
      "description": "Integrate the new API router for the game eligibility check in the main.py file.",
      "acceptance_criteria": "The new API router is integrated in the main.py file.",
      "id": 21,
      "status": "todo"
    }
  ]
}
**********************************************************************

--------------------------------------------------------------------------------

Next speaker: SoftwarePlanner

SoftwarePlanner (to chat_manager):

***** Suggested tool call (call_Lco5WhX5Pr7qgC8T5mbIhNIj): update_ticket *****
Arguments: 
{"id":21,"ticket":{"title":"Integrate New API Router in main.py","description":"Integrate the new API router for the game eligibility check in the main.py file. Note: Do not run testing for this sprint.","acceptance_criteria":"The new API router is integrated in the main.py file."}}
******************************************************************************

--------------------------------------------------------------------------------

Next speaker: SprintPlan


>>>>>>>> EXECUTING FUNCTION update_ticket...
SprintPlan (to chat_manager):

SprintPlan (to chat_manager):

***** Response from calling tool (call_Lco5WhX5Pr7qgC8T5mbIhNIj) *****
Ticket updated.

Current Sprint Plan
-------------------
{
  "goal": "Fix issues with user storage, user model, and integrate the new API router in main.py.",
  "tickets": [
    {
      "title": "Fix User Model",
      "description": "Add the missing age attribute to the User model. Note: Do not run testing for this sprint.",
      "acceptance_criteria": "The User model includes the age attribute.",
      "id": 18,
      "status": "todo"
    },
    {
      "title": "Fix User Storage",
      "description": "Ensure that the user storage stores User objects instead of their string representation. Note: Do not run testing for this sprint.",
      "acceptance_criteria": "User storage stores User objects correctly.",
      "id": 19,
      "status": "todo"
    },
    {
      "title": "Refactor User APIs",
      "description": "Refactor the user APIs to store and retrieve User objects instead of their string representation. Note: Do not run testing for this sprint.",
      "acceptance_criteria": "User APIs store and retrieve User objects correctly.",
      "id": 20,
      "status": "todo"
    },
    {
      "title": "Integrate New API Router in main.py",
      "description": "Integrate the new API router for the game eligibility check in the main.py file. Note: Do not run testing for this sprint.",
      "acceptance_criteria": "The new API router is integrated in the main.py file.",
      "id": 21,
      "status": "todo"
    }
  ]
}
**********************************************************************

--------------------------------------------------------------------------------

Next speaker: SoftwarePlanner

SoftwarePlanner (to chat_manager):

***** Suggested tool call (call_RzCBEkrorKinoUvX2WRUiLe2): submit_sprint_plan *****
Arguments: 
{}
***********************************************************************************

--------------------------------------------------------------------------------

Next speaker: SprintPlan


>>>>>>>> EXECUTING FUNCTION submit_sprint_plan...
USER APPROVAL REQUESTED
-----------------------
Current Sprint Plan
-------------------
{
  "goal": "Fix issues with user storage, user model, and integrate the new API router in main.py.",
  "tickets": [
    {
      "title": "Fix User Model",
      "description": "Add the missing age attribute to the User model. Note: Do not run testing for this sprint.",
      "acceptance_criteria": "The User model includes the age attribute.",
      "id": 18,
      "status": "todo"
    },
    {
      "title": "Fix User Storage",
      "description": "Ensure that the user storage stores User objects instead of their string representation. Note: Do not run testing for this sprint.",
      "acceptance_criteria": "User storage stores User objects correctly.",
      "id": 19,
      "status": "todo"
    },
    {
      "title": "Refactor User APIs",
      "description": "Refactor the user APIs to store and retrieve User objects instead of their string representation. Note: Do not run testing for this sprint.",
      "acceptance_criteria": "User APIs store and retrieve User objects correctly.",
      "id": 20,
      "status": "todo"
    },
    {
      "title": "Integrate New API Router in main.py",
      "description": "Integrate the new API router for the game eligibility check in the main.py file. Note: Do not run testing for this sprint.",
      "acceptance_criteria": "The new API router is integrated in the main.py file.",
      "id": 21,
      "status": "todo"
    }
  ]
}
SprintPlan (to chat_manager):

SprintPlan (to chat_manager):

***** Response from calling tool (call_RzCBEkrorKinoUvX2WRUiLe2) *****
Sprint plan submitted for approval.
**********************************************************************

--------------------------------------------------------------------------------

Next speaker: User

Replying as User. Provide feedback to chat_manager. Press enter to skip and use auto-reply, or type 'exit' to end the conversation: 