chat_manager (to SoftwarePlanner):

Start planning sprint 0. If you are happy with the sprint plan, get the user's approval.

--------------------------------------------------------------------------------
SoftwarePlanner (to chat_manager):

***** Suggested tool call (call_DCLFby9mHMzJb2QBAcPIiTtH): init_sprint_plan *****
Arguments: 
{"goal":"Implement basic CRUD functionality for the User entity in the FastAPI application."}
*********************************************************************************

--------------------------------------------------------------------------------

Next speaker: SprintPlan


>>>>>>>> EXECUTING FUNCTION init_sprint_plan...
SprintPlan (to chat_manager):

SprintPlan (to chat_manager):

***** Response from calling tool (call_DCLFby9mHMzJb2QBAcPIiTtH) *****
Sprint plan initialized.
**********************************************************************

--------------------------------------------------------------------------------

Next speaker: SoftwarePlanner

SoftwarePlanner (to chat_manager):

***** Suggested tool call (call_QbfsDXQm469V8ZhjtAslG3xr): add_ticket *****
Arguments: 
{"ticket": {"title": "Setup FastAPI Project", "description": "Initialize a new FastAPI project and set up the basic project structure.", "acceptance_criteria": "A new FastAPI project is created with the necessary directory structure and dependencies."}, "position": 1}
***************************************************************************
***** Suggested tool call (call_BRudMwd392jheQ0NL6tatcs6): add_ticket *****
Arguments: 
{"ticket": {"title": "Implement In-Memory Data Storage", "description": "Implement a simple in-memory data storage to hold User data temporarily.", "acceptance_criteria": "In-memory data storage is implemented and can hold User data."}, "position": 2}
***************************************************************************
***** Suggested tool call (call_nRqB3sBomkX1CcqvibncQda1): add_ticket *****
Arguments: 
{"ticket": {"title": "Create User Endpoint (POST /users)", "description": "Implement the endpoint to create a new user with name and age, and return the user ID.", "acceptance_criteria": "The POST /users endpoint is implemented and returns the user ID upon successful creation."}, "position": 3}
***************************************************************************
***** Suggested tool call (call_ehZWH8HH4y6z8vpwdWtiZOvH): add_ticket *****
Arguments: 
{"ticket": {"title": "Get User Details Endpoint (GET /users/{user_id})", "description": "Implement the endpoint to retrieve user details based on user ID.", "acceptance_criteria": "The GET /users/{user_id} endpoint is implemented and returns user details for a valid user ID."}, "position": 4}
***************************************************************************
***** Suggested tool call (call_6zkAPTN5SGmRBB3tBAPLbHcP): add_ticket *****
Arguments: 
{"ticket": {"title": "Update User Endpoint (PUT /users/{user_id})", "description": "Implement the endpoint to update user information (name and/or age) based on user ID.", "acceptance_criteria": "The PUT /users/{user_id} endpoint is implemented and updates user information for a valid user ID."}, "position": 5}
***************************************************************************
***** Suggested tool call (call_abLwTrv2jkUZC3dDMDxEaG8a): add_ticket *****
Arguments: 
{"ticket": {"title": "Delete User Endpoint (DELETE /users/{user_id})", "description": "Implement the endpoint to delete a user based on user ID.", "acceptance_criteria": "The DELETE /users/{user_id} endpoint is implemented and deletes the user for a valid user ID."}, "position": 6}
***************************************************************************
***** Suggested tool call (call_5bwa4ytUeyxZqbnyqotv6Z7P): add_ticket *****
Arguments: 
{"ticket": {"title": "Error Handling for Non-Existent Users", "description": "Implement error handling to return a 404 error for non-existent users in all relevant endpoints.", "acceptance_criteria": "Error handling is implemented and returns a 404 error for non-existent users in all relevant endpoints."}, "position": 7}
***************************************************************************

--------------------------------------------------------------------------------

Next speaker: SprintPlan


>>>>>>>> EXECUTING FUNCTION add_ticket...

>>>>>>>> EXECUTING FUNCTION add_ticket...

>>>>>>>> EXECUTING FUNCTION add_ticket...

>>>>>>>> EXECUTING FUNCTION add_ticket...

>>>>>>>> EXECUTING FUNCTION add_ticket...

>>>>>>>> EXECUTING FUNCTION add_ticket...

>>>>>>>> EXECUTING FUNCTION add_ticket...
SprintPlan (to chat_manager):

SprintPlan (to chat_manager):

***** Response from calling tool (call_QbfsDXQm469V8ZhjtAslG3xr) *****
Ticket added.

Current Sprint Plan
-------------------
{
  "goal": "Implement basic CRUD functionality for the User entity in the FastAPI application.",
  "tickets": [
    {
      "title": "Setup FastAPI Project",
      "description": "Initialize a new FastAPI project and set up the basic project structure.",
      "acceptance_criteria": "A new FastAPI project is created with the necessary directory structure and dependencies.",
      "id": 1,
      "status": "todo"
    }
  ]
}
**********************************************************************

--------------------------------------------------------------------------------
SprintPlan (to chat_manager):

***** Response from calling tool (call_BRudMwd392jheQ0NL6tatcs6) *****
Ticket added.

Current Sprint Plan
-------------------
{
  "goal": "Implement basic CRUD functionality for the User entity in the FastAPI application.",
  "tickets": [
    {
      "title": "Setup FastAPI Project",
      "description": "Initialize a new FastAPI project and set up the basic project structure.",
      "acceptance_criteria": "A new FastAPI project is created with the necessary directory structure and dependencies.",
      "id": 1,
      "status": "todo"
    },
    {
      "title": "Implement In-Memory Data Storage",
      "description": "Implement a simple in-memory data storage to hold User data temporarily.",
      "acceptance_criteria": "In-memory data storage is implemented and can hold User data.",
      "id": 2,
      "status": "todo"
    }
  ]
}
**********************************************************************

--------------------------------------------------------------------------------
SprintPlan (to chat_manager):

***** Response from calling tool (call_nRqB3sBomkX1CcqvibncQda1) *****
Ticket added.

Current Sprint Plan
-------------------
{
  "goal": "Implement basic CRUD functionality for the User entity in the FastAPI application.",
  "tickets": [
    {
      "title": "Setup FastAPI Project",
      "description": "Initialize a new FastAPI project and set up the basic project structure.",
      "acceptance_criteria": "A new FastAPI project is created with the necessary directory structure and dependencies.",
      "id": 1,
      "status": "todo"
    },
    {
      "title": "Implement In-Memory Data Storage",
      "description": "Implement a simple in-memory data storage to hold User data temporarily.",
      "acceptance_criteria": "In-memory data storage is implemented and can hold User data.",
      "id": 2,
      "status": "todo"
    },
    {
      "title": "Create User Endpoint (POST /users)",
      "description": "Implement the endpoint to create a new user with name and age, and return the user ID.",
      "acceptance_criteria": "The POST /users endpoint is implemented and returns the user ID upon successful creation.",
      "id": 3,
      "status": "todo"
    }
  ]
}
**********************************************************************

--------------------------------------------------------------------------------
SprintPlan (to chat_manager):

***** Response from calling tool (call_ehZWH8HH4y6z8vpwdWtiZOvH) *****
Ticket added.

Current Sprint Plan
-------------------
{
  "goal": "Implement basic CRUD functionality for the User entity in the FastAPI application.",
  "tickets": [
    {
      "title": "Setup FastAPI Project",
      "description": "Initialize a new FastAPI project and set up the basic project structure.",
      "acceptance_criteria": "A new FastAPI project is created with the necessary directory structure and dependencies.",
      "id": 1,
      "status": "todo"
    },
    {
      "title": "Implement In-Memory Data Storage",
      "description": "Implement a simple in-memory data storage to hold User data temporarily.",
      "acceptance_criteria": "In-memory data storage is implemented and can hold User data.",
      "id": 2,
      "status": "todo"
    },
    {
      "title": "Create User Endpoint (POST /users)",
      "description": "Implement the endpoint to create a new user with name and age, and return the user ID.",
      "acceptance_criteria": "The POST /users endpoint is implemented and returns the user ID upon successful creation.",
      "id": 3,
      "status": "todo"
    },
    {
      "title": "Get User Details Endpoint (GET /users/{user_id})",
      "description": "Implement the endpoint to retrieve user details based on user ID.",
      "acceptance_criteria": "The GET /users/{user_id} endpoint is implemented and returns user details for a valid user ID.",
      "id": 4,
      "status": "todo"
    }
  ]
}
**********************************************************************

--------------------------------------------------------------------------------
SprintPlan (to chat_manager):

***** Response from calling tool (call_6zkAPTN5SGmRBB3tBAPLbHcP) *****
Ticket added.

Current Sprint Plan
-------------------
{
  "goal": "Implement basic CRUD functionality for the User entity in the FastAPI application.",
  "tickets": [
    {
      "title": "Setup FastAPI Project",
      "description": "Initialize a new FastAPI project and set up the basic project structure.",
      "acceptance_criteria": "A new FastAPI project is created with the necessary directory structure and dependencies.",
      "id": 1,
      "status": "todo"
    },
    {
      "title": "Implement In-Memory Data Storage",
      "description": "Implement a simple in-memory data storage to hold User data temporarily.",
      "acceptance_criteria": "In-memory data storage is implemented and can hold User data.",
      "id": 2,
      "status": "todo"
    },
    {
      "title": "Create User Endpoint (POST /users)",
      "description": "Implement the endpoint to create a new user with name and age, and return the user ID.",
      "acceptance_criteria": "The POST /users endpoint is implemented and returns the user ID upon successful creation.",
      "id": 3,
      "status": "todo"
    },
    {
      "title": "Get User Details Endpoint (GET /users/{user_id})",
      "description": "Implement the endpoint to retrieve user details based on user ID.",
      "acceptance_criteria": "The GET /users/{user_id} endpoint is implemented and returns user details for a valid user ID.",
      "id": 4,
      "status": "todo"
    },
    {
      "title": "Update User Endpoint (PUT /users/{user_id})",
      "description": "Implement the endpoint to update user information (name and/or age) based on user ID.",
      "acceptance_criteria": "The PUT /users/{user_id} endpoint is implemented and updates user information for a valid user ID.",
      "id": 5,
      "status": "todo"
    }
  ]
}
**********************************************************************

--------------------------------------------------------------------------------
SprintPlan (to chat_manager):

***** Response from calling tool (call_abLwTrv2jkUZC3dDMDxEaG8a) *****
Ticket added.

Current Sprint Plan
-------------------
{
  "goal": "Implement basic CRUD functionality for the User entity in the FastAPI application.",
  "tickets": [
    {
      "title": "Setup FastAPI Project",
      "description": "Initialize a new FastAPI project and set up the basic project structure.",
      "acceptance_criteria": "A new FastAPI project is created with the necessary directory structure and dependencies.",
      "id": 1,
      "status": "todo"
    },
    {
      "title": "Implement In-Memory Data Storage",
      "description": "Implement a simple in-memory data storage to hold User data temporarily.",
      "acceptance_criteria": "In-memory data storage is implemented and can hold User data.",
      "id": 2,
      "status": "todo"
    },
    {
      "title": "Create User Endpoint (POST /users)",
      "description": "Implement the endpoint to create a new user with name and age, and return the user ID.",
      "acceptance_criteria": "The POST /users endpoint is implemented and returns the user ID upon successful creation.",
      "id": 3,
      "status": "todo"
    },
    {
      "title": "Get User Details Endpoint (GET /users/{user_id})",
      "description": "Implement the endpoint to retrieve user details based on user ID.",
      "acceptance_criteria": "The GET /users/{user_id} endpoint is implemented and returns user details for a valid user ID.",
      "id": 4,
      "status": "todo"
    },
    {
      "title": "Update User Endpoint (PUT /users/{user_id})",
      "description": "Implement the endpoint to update user information (name and/or age) based on user ID.",
      "acceptance_criteria": "The PUT /users/{user_id} endpoint is implemented and updates user information for a valid user ID.",
      "id": 5,
      "status": "todo"
    },
    {
      "title": "Delete User Endpoint (DELETE /users/{user_id})",
      "description": "Implement the endpoint to delete a user based on user ID.",
      "acceptance_criteria": "The DELETE /users/{user_id} endpoint is implemented and deletes the user for a valid user ID.",
      "id": 6,
      "status": "todo"
    }
  ]
}
**********************************************************************

--------------------------------------------------------------------------------
SprintPlan (to chat_manager):

***** Response from calling tool (call_5bwa4ytUeyxZqbnyqotv6Z7P) *****
Ticket added.

Current Sprint Plan
-------------------
{
  "goal": "Implement basic CRUD functionality for the User entity in the FastAPI application.",
  "tickets": [
    {
      "title": "Setup FastAPI Project",
      "description": "Initialize a new FastAPI project and set up the basic project structure.",
      "acceptance_criteria": "A new FastAPI project is created with the necessary directory structure and dependencies.",
      "id": 1,
      "status": "todo"
    },
    {
      "title": "Implement In-Memory Data Storage",
      "description": "Implement a simple in-memory data storage to hold User data temporarily.",
      "acceptance_criteria": "In-memory data storage is implemented and can hold User data.",
      "id": 2,
      "status": "todo"
    },
    {
      "title": "Create User Endpoint (POST /users)",
      "description": "Implement the endpoint to create a new user with name and age, and return the user ID.",
      "acceptance_criteria": "The POST /users endpoint is implemented and returns the user ID upon successful creation.",
      "id": 3,
      "status": "todo"
    },
    {
      "title": "Get User Details Endpoint (GET /users/{user_id})",
      "description": "Implement the endpoint to retrieve user details based on user ID.",
      "acceptance_criteria": "The GET /users/{user_id} endpoint is implemented and returns user details for a valid user ID.",
      "id": 4,
      "status": "todo"
    },
    {
      "title": "Update User Endpoint (PUT /users/{user_id})",
      "description": "Implement the endpoint to update user information (name and/or age) based on user ID.",
      "acceptance_criteria": "The PUT /users/{user_id} endpoint is implemented and updates user information for a valid user ID.",
      "id": 5,
      "status": "todo"
    },
    {
      "title": "Delete User Endpoint (DELETE /users/{user_id})",
      "description": "Implement the endpoint to delete a user based on user ID.",
      "acceptance_criteria": "The DELETE /users/{user_id} endpoint is implemented and deletes the user for a valid user ID.",
      "id": 6,
      "status": "todo"
    },
    {
      "title": "Error Handling for Non-Existent Users",
      "description": "Implement error handling to return a 404 error for non-existent users in all relevant endpoints.",
      "acceptance_criteria": "Error handling is implemented and returns a 404 error for non-existent users in all relevant endpoints.",
      "id": 7,
      "status": "todo"
    }
  ]
}
**********************************************************************

--------------------------------------------------------------------------------

Next speaker: SoftwarePlanner

SoftwarePlanner (to chat_manager):

***** Suggested tool call (call_DQ4wkEJV1IuxT1WPxpwHq55Q): show_sprint_plan *****
Arguments: 
{}
*********************************************************************************

--------------------------------------------------------------------------------

Next speaker: SprintPlan


>>>>>>>> EXECUTING FUNCTION show_sprint_plan...
SprintPlan (to chat_manager):

SprintPlan (to chat_manager):

***** Response from calling tool (call_DQ4wkEJV1IuxT1WPxpwHq55Q) *****
Current Sprint Plan
-------------------
{
  "goal": "Implement basic CRUD functionality for the User entity in the FastAPI application.",
  "tickets": [
    {
      "title": "Setup FastAPI Project",
      "description": "Initialize a new FastAPI project and set up the basic project structure.",
      "acceptance_criteria": "A new FastAPI project is created with the necessary directory structure and dependencies.",
      "id": 1,
      "status": "todo"
    },
    {
      "title": "Implement In-Memory Data Storage",
      "description": "Implement a simple in-memory data storage to hold User data temporarily.",
      "acceptance_criteria": "In-memory data storage is implemented and can hold User data.",
      "id": 2,
      "status": "todo"
    },
    {
      "title": "Create User Endpoint (POST /users)",
      "description": "Implement the endpoint to create a new user with name and age, and return the user ID.",
      "acceptance_criteria": "The POST /users endpoint is implemented and returns the user ID upon successful creation.",
      "id": 3,
      "status": "todo"
    },
    {
      "title": "Get User Details Endpoint (GET /users/{user_id})",
      "description": "Implement the endpoint to retrieve user details based on user ID.",
      "acceptance_criteria": "The GET /users/{user_id} endpoint is implemented and returns user details for a valid user ID.",
      "id": 4,
      "status": "todo"
    },
    {
      "title": "Update User Endpoint (PUT /users/{user_id})",
      "description": "Implement the endpoint to update user information (name and/or age) based on user ID.",
      "acceptance_criteria": "The PUT /users/{user_id} endpoint is implemented and updates user information for a valid user ID.",
      "id": 5,
      "status": "todo"
    },
    {
      "title": "Delete User Endpoint (DELETE /users/{user_id})",
      "description": "Implement the endpoint to delete a user based on user ID.",
      "acceptance_criteria": "The DELETE /users/{user_id} endpoint is implemented and deletes the user for a valid user ID.",
      "id": 6,
      "status": "todo"
    },
    {
      "title": "Error Handling for Non-Existent Users",
      "description": "Implement error handling to return a 404 error for non-existent users in all relevant endpoints.",
      "acceptance_criteria": "Error handling is implemented and returns a 404 error for non-existent users in all relevant endpoints.",
      "id": 7,
      "status": "todo"
    }
  ]
}
**********************************************************************

--------------------------------------------------------------------------------

Next speaker: SoftwarePlanner

SoftwarePlanner (to chat_manager):

### Sprint Plan for Sprint 0

**Goal:** Implement basic CRUD functionality for the User entity in the FastAPI application.

**Tickets:**

1. **Setup FastAPI Project**
   - **Description:** Initialize a new FastAPI project and set up the basic project structure.
   - **Acceptance Criteria:** A new FastAPI project is created with the necessary directory structure and dependencies.

2. **Implement In-Memory Data Storage**
   - **Description:** Implement a simple in-memory data storage to hold User data temporarily.
   - **Acceptance Criteria:** In-memory data storage is implemented and can hold User data.

3. **Create User Endpoint (POST /users)**
   - **Description:** Implement the endpoint to create a new user with name and age, and return the user ID.
   - **Acceptance Criteria:** The POST /users endpoint is implemented and returns the user ID upon successful creation.

4. **Get User Details Endpoint (GET /users/{user_id})**
   - **Description:** Implement the endpoint to retrieve user details based on user ID.
   - **Acceptance Criteria:** The GET /users/{user_id} endpoint is implemented and returns user details for a valid user ID.

5. **Update User Endpoint (PUT /users/{user_id})**
   - **Description:** Implement the endpoint to update user information (name and/or age) based on user ID.
   - **Acceptance Criteria:** The PUT /users/{user_id} endpoint is implemented and updates user information for a valid user ID.

6. **Delete User Endpoint (DELETE /users/{user_id})**
   - **Description:** Implement the endpoint to delete a user based on user ID.
   - **Acceptance Criteria:** The DELETE /users/{user_id} endpoint is implemented and deletes the user for a valid user ID.

7. **Error Handling for Non-Existent Users**
   - **Description:** Implement error handling to return a 404 error for non-existent users in all relevant endpoints.
   - **Acceptance Criteria:** Error handling is implemented and returns a 404 error for non-existent users in all relevant endpoints.

Would you like to approve this sprint plan or make any adjustments?

--------------------------------------------------------------------------------

Next speaker: SprintPlan

SprintPlan (to chat_manager):



--------------------------------------------------------------------------------

Next speaker: SoftwarePlanner

SoftwarePlanner (to chat_manager):

***** Suggested tool call (call_RUn0mECCtd0HQ9LSIRI7Sak2): submit_sprint_plan *****
Arguments: 
{}
***********************************************************************************

--------------------------------------------------------------------------------

Next speaker: SprintPlan


>>>>>>>> EXECUTING FUNCTION submit_sprint_plan...
USER APPROVAL REQUESTED
-----------------------
Current Sprint Plan
-------------------
{
  "goal": "Implement basic CRUD functionality for the User entity in the FastAPI application.",
  "tickets": [
    {
      "title": "Setup FastAPI Project",
      "description": "Initialize a new FastAPI project and set up the basic project structure.",
      "acceptance_criteria": "A new FastAPI project is created with the necessary directory structure and dependencies.",
      "id": 1,
      "status": "todo"
    },
    {
      "title": "Implement In-Memory Data Storage",
      "description": "Implement a simple in-memory data storage to hold User data temporarily.",
      "acceptance_criteria": "In-memory data storage is implemented and can hold User data.",
      "id": 2,
      "status": "todo"
    },
    {
      "title": "Create User Endpoint (POST /users)",
      "description": "Implement the endpoint to create a new user with name and age, and return the user ID.",
      "acceptance_criteria": "The POST /users endpoint is implemented and returns the user ID upon successful creation.",
      "id": 3,
      "status": "todo"
    },
    {
      "title": "Get User Details Endpoint (GET /users/{user_id})",
      "description": "Implement the endpoint to retrieve user details based on user ID.",
      "acceptance_criteria": "The GET /users/{user_id} endpoint is implemented and returns user details for a valid user ID.",
      "id": 4,
      "status": "todo"
    },
    {
      "title": "Update User Endpoint (PUT /users/{user_id})",
      "description": "Implement the endpoint to update user information (name and/or age) based on user ID.",
      "acceptance_criteria": "The PUT /users/{user_id} endpoint is implemented and updates user information for a valid user ID.",
      "id": 5,
      "status": "todo"
    },
    {
      "title": "Delete User Endpoint (DELETE /users/{user_id})",
      "description": "Implement the endpoint to delete a user based on user ID.",
      "acceptance_criteria": "The DELETE /users/{user_id} endpoint is implemented and deletes the user for a valid user ID.",
      "id": 6,
      "status": "todo"
    },
    {
      "title": "Error Handling for Non-Existent Users",
      "description": "Implement error handling to return a 404 error for non-existent users in all relevant endpoints.",
      "acceptance_criteria": "Error handling is implemented and returns a 404 error for non-existent users in all relevant endpoints.",
      "id": 7,
      "status": "todo"
    }
  ]
}
SprintPlan (to chat_manager):

SprintPlan (to chat_manager):

***** Response from calling tool (call_RUn0mECCtd0HQ9LSIRI7Sak2) *****
Sprint plan submitted for approval.
**********************************************************************

--------------------------------------------------------------------------------

Next speaker: User

Replying as User. Provide feedback to chat_manager. Press enter to skip and use auto-reply, or type 'exit' to end the conversation: User (to chat_manager):

Keep error handling for the next sprint

--------------------------------------------------------------------------------

Next speaker: SoftwarePlanner

SoftwarePlanner (to chat_manager):

***** Suggested tool call (call_QsKEgybEDFf162twYAq4wK0f): remove_ticket *****
Arguments: 
{"id":7}
******************************************************************************

--------------------------------------------------------------------------------

Next speaker: SprintPlan


>>>>>>>> EXECUTING FUNCTION remove_ticket...
SprintPlan (to chat_manager):

SprintPlan (to chat_manager):

***** Response from calling tool (call_QsKEgybEDFf162twYAq4wK0f) *****
Ticket removed.

Current Sprint Plan
-------------------
{
  "goal": "Implement basic CRUD functionality for the User entity in the FastAPI application.",
  "tickets": [
    {
      "title": "Setup FastAPI Project",
      "description": "Initialize a new FastAPI project and set up the basic project structure.",
      "acceptance_criteria": "A new FastAPI project is created with the necessary directory structure and dependencies.",
      "id": 1,
      "status": "todo"
    },
    {
      "title": "Implement In-Memory Data Storage",
      "description": "Implement a simple in-memory data storage to hold User data temporarily.",
      "acceptance_criteria": "In-memory data storage is implemented and can hold User data.",
      "id": 2,
      "status": "todo"
    },
    {
      "title": "Create User Endpoint (POST /users)",
      "description": "Implement the endpoint to create a new user with name and age, and return the user ID.",
      "acceptance_criteria": "The POST /users endpoint is implemented and returns the user ID upon successful creation.",
      "id": 3,
      "status": "todo"
    },
    {
      "title": "Get User Details Endpoint (GET /users/{user_id})",
      "description": "Implement the endpoint to retrieve user details based on user ID.",
      "acceptance_criteria": "The GET /users/{user_id} endpoint is implemented and returns user details for a valid user ID.",
      "id": 4,
      "status": "todo"
    },
    {
      "title": "Update User Endpoint (PUT /users/{user_id})",
      "description": "Implement the endpoint to update user information (name and/or age) based on user ID.",
      "acceptance_criteria": "The PUT /users/{user_id} endpoint is implemented and updates user information for a valid user ID.",
      "id": 5,
      "status": "todo"
    },
    {
      "title": "Delete User Endpoint (DELETE /users/{user_id})",
      "description": "Implement the endpoint to delete a user based on user ID.",
      "acceptance_criteria": "The DELETE /users/{user_id} endpoint is implemented and deletes the user for a valid user ID.",
      "id": 6,
      "status": "todo"
    }
  ]
}
**********************************************************************

--------------------------------------------------------------------------------

Next speaker: SoftwarePlanner

SoftwarePlanner (to chat_manager):

### Updated Sprint Plan for Sprint 0

**Goal:** Implement basic CRUD functionality for the User entity in the FastAPI application.

**Tickets:**

1. **Setup FastAPI Project**
   - **Description:** Initialize a new FastAPI project and set up the basic project structure.
   - **Acceptance Criteria:** A new FastAPI project is created with the necessary directory structure and dependencies.

2. **Implement In-Memory Data Storage**
   - **Description:** Implement a simple in-memory data storage to hold User data temporarily.
   - **Acceptance Criteria:** In-memory data storage is implemented and can hold User data.

3. **Create User Endpoint (POST /users)**
   - **Description:** Implement the endpoint to create a new user with name and age, and return the user ID.
   - **Acceptance Criteria:** The POST /users endpoint is implemented and returns the user ID upon successful creation.

4. **Get User Details Endpoint (GET /users/{user_id})**
   - **Description:** Implement the endpoint to retrieve user details based on user ID.
   - **Acceptance Criteria:** The GET /users/{user_id} endpoint is implemented and returns user details for a valid user ID.

5. **Update User Endpoint (PUT /users/{user_id})**
   - **Description:** Implement the endpoint to update user information (name and/or age) based on user ID.
   - **Acceptance Criteria:** The PUT /users/{user_id} endpoint is implemented and updates user information for a valid user ID.

6. **Delete User Endpoint (DELETE /users/{user_id})**
   - **Description:** Implement the endpoint to delete a user based on user ID.
   - **Acceptance Criteria:** The DELETE /users/{user_id} endpoint is implemented and deletes the user for a valid user ID.

Would you like to approve this updated sprint plan?

--------------------------------------------------------------------------------

Next speaker: SprintPlan

SprintPlan (to chat_manager):



--------------------------------------------------------------------------------

Next speaker: SoftwarePlanner

SoftwarePlanner (to chat_manager):

***** Suggested tool call (call_KF6NW6N2D81Kiji7Y6BNpsHB): submit_sprint_plan *****
Arguments: 
{}
***********************************************************************************

--------------------------------------------------------------------------------

Next speaker: SprintPlan


>>>>>>>> EXECUTING FUNCTION submit_sprint_plan...
USER APPROVAL REQUESTED
-----------------------
Current Sprint Plan
-------------------
{
  "goal": "Implement basic CRUD functionality for the User entity in the FastAPI application.",
  "tickets": [
    {
      "title": "Setup FastAPI Project",
      "description": "Initialize a new FastAPI project and set up the basic project structure.",
      "acceptance_criteria": "A new FastAPI project is created with the necessary directory structure and dependencies.",
      "id": 1,
      "status": "todo"
    },
    {
      "title": "Implement In-Memory Data Storage",
      "description": "Implement a simple in-memory data storage to hold User data temporarily.",
      "acceptance_criteria": "In-memory data storage is implemented and can hold User data.",
      "id": 2,
      "status": "todo"
    },
    {
      "title": "Create User Endpoint (POST /users)",
      "description": "Implement the endpoint to create a new user with name and age, and return the user ID.",
      "acceptance_criteria": "The POST /users endpoint is implemented and returns the user ID upon successful creation.",
      "id": 3,
      "status": "todo"
    },
    {
      "title": "Get User Details Endpoint (GET /users/{user_id})",
      "description": "Implement the endpoint to retrieve user details based on user ID.",
      "acceptance_criteria": "The GET /users/{user_id} endpoint is implemented and returns user details for a valid user ID.",
      "id": 4,
      "status": "todo"
    },
    {
      "title": "Update User Endpoint (PUT /users/{user_id})",
      "description": "Implement the endpoint to update user information (name and/or age) based on user ID.",
      "acceptance_criteria": "The PUT /users/{user_id} endpoint is implemented and updates user information for a valid user ID.",
      "id": 5,
      "status": "todo"
    },
    {
      "title": "Delete User Endpoint (DELETE /users/{user_id})",
      "description": "Implement the endpoint to delete a user based on user ID.",
      "acceptance_criteria": "The DELETE /users/{user_id} endpoint is implemented and deletes the user for a valid user ID.",
      "id": 6,
      "status": "todo"
    }
  ]
}
SprintPlan (to chat_manager):

SprintPlan (to chat_manager):

***** Response from calling tool (call_KF6NW6N2D81Kiji7Y6BNpsHB) *****
Sprint plan submitted for approval.
**********************************************************************

--------------------------------------------------------------------------------

Next speaker: User

Replying as User. Provide feedback to chat_manager. Press enter to skip and use auto-reply, or type 'exit' to end the conversation: 