chat_manager (to User):

Before starting the next sprint planning, provide a detailed review of the previous sprint.

--------------------------------------------------------------------------------
Replying as User. Provide feedback to chat_manager. Press enter to skip and use auto-reply, or type 'exit' to end the conversation: User (to chat_manager):

The problem with the current solution is the absence of separation of concerns. The application should be split into three main modules. The models, the api and the data store.

--------------------------------------------------------------------------------

Next speaker: User

Replying as User. Provide feedback to chat_manager. Press enter to skip and use auto-reply, or type 'exit' to end the conversation: chat_manager (to SoftwarePlanner):

Start planning sprint 1. If you are happy with the sprint plan, get the user's approval.

--------------------------------------------------------------------------------
SoftwarePlanner (to chat_manager):

***** Suggested tool call (call_IrzleyKiCH0dE6W6QvHGY41i): init_sprint_plan *****
Arguments: 
{"goal":"Refactor the FastAPI application to separate concerns into models, API, and data store modules."}
*********************************************************************************

--------------------------------------------------------------------------------

Next speaker: SprintPlan


>>>>>>>> EXECUTING FUNCTION init_sprint_plan...
SprintPlan (to chat_manager):

SprintPlan (to chat_manager):

***** Response from calling tool (call_IrzleyKiCH0dE6W6QvHGY41i) *****
Sprint plan initialized.
**********************************************************************

--------------------------------------------------------------------------------

Next speaker: SoftwarePlanner

SoftwarePlanner (to chat_manager):

***** Suggested tool call (call_H1G2AgKSvLwxtoC8gxETUMdi): add_ticket *****
Arguments: 
{"ticket": {"title": "Refactor Models Module", "description": "Create a models module to define the User entity and any other future entities.", "acceptance_criteria": "A models module is created with the User entity defined."}, "position": 1}
***************************************************************************
***** Suggested tool call (call_dD596cy6xJQhtrVmGil7b7zo): add_ticket *****
Arguments: 
{"ticket": {"title": "Refactor API Module", "description": "Create an API module to handle all the API endpoints for the User entity.", "acceptance_criteria": "An API module is created with all the CRUD endpoints for the User entity."}, "position": 2}
***************************************************************************
***** Suggested tool call (call_6CJGUSuJEKwSKqvjFCDyrJ7h): add_ticket *****
Arguments: 
{"ticket": {"title": "Refactor Data Store Module", "description": "Create a data store module to handle in-memory data storage for the User entity.", "acceptance_criteria": "A data store module is created to handle in-memory data storage for the User entity."}, "position": 3}
***************************************************************************
***** Suggested tool call (call_NxEL6WexDkZn4lfGOZbMW43X): add_ticket *****
Arguments: 
{"ticket": {"title": "Integrate Modules", "description": "Ensure that the models, API, and data store modules work together seamlessly.", "acceptance_criteria": "The models, API, and data store modules are integrated and the application works as expected."}, "position": 4}
***************************************************************************

--------------------------------------------------------------------------------

Next speaker: SprintPlan


>>>>>>>> EXECUTING FUNCTION add_ticket...

>>>>>>>> EXECUTING FUNCTION add_ticket...

>>>>>>>> EXECUTING FUNCTION add_ticket...

>>>>>>>> EXECUTING FUNCTION add_ticket...
SprintPlan (to chat_manager):

SprintPlan (to chat_manager):

***** Response from calling tool (call_H1G2AgKSvLwxtoC8gxETUMdi) *****
Ticket added.

Current Sprint Plan
-------------------
{
  "goal": "Refactor the FastAPI application to separate concerns into models, API, and data store modules.",
  "tickets": [
    {
      "title": "Refactor Models Module",
      "description": "Create a models module to define the User entity and any other future entities.",
      "acceptance_criteria": "A models module is created with the User entity defined.",
      "id": 8,
      "status": "todo"
    }
  ]
}
**********************************************************************

--------------------------------------------------------------------------------
SprintPlan (to chat_manager):

***** Response from calling tool (call_dD596cy6xJQhtrVmGil7b7zo) *****
Ticket added.

Current Sprint Plan
-------------------
{
  "goal": "Refactor the FastAPI application to separate concerns into models, API, and data store modules.",
  "tickets": [
    {
      "title": "Refactor Models Module",
      "description": "Create a models module to define the User entity and any other future entities.",
      "acceptance_criteria": "A models module is created with the User entity defined.",
      "id": 8,
      "status": "todo"
    },
    {
      "title": "Refactor API Module",
      "description": "Create an API module to handle all the API endpoints for the User entity.",
      "acceptance_criteria": "An API module is created with all the CRUD endpoints for the User entity.",
      "id": 9,
      "status": "todo"
    }
  ]
}
**********************************************************************

--------------------------------------------------------------------------------
SprintPlan (to chat_manager):

***** Response from calling tool (call_6CJGUSuJEKwSKqvjFCDyrJ7h) *****
Ticket added.

Current Sprint Plan
-------------------
{
  "goal": "Refactor the FastAPI application to separate concerns into models, API, and data store modules.",
  "tickets": [
    {
      "title": "Refactor Models Module",
      "description": "Create a models module to define the User entity and any other future entities.",
      "acceptance_criteria": "A models module is created with the User entity defined.",
      "id": 8,
      "status": "todo"
    },
    {
      "title": "Refactor API Module",
      "description": "Create an API module to handle all the API endpoints for the User entity.",
      "acceptance_criteria": "An API module is created with all the CRUD endpoints for the User entity.",
      "id": 9,
      "status": "todo"
    },
    {
      "title": "Refactor Data Store Module",
      "description": "Create a data store module to handle in-memory data storage for the User entity.",
      "acceptance_criteria": "A data store module is created to handle in-memory data storage for the User entity.",
      "id": 10,
      "status": "todo"
    }
  ]
}
**********************************************************************

--------------------------------------------------------------------------------
SprintPlan (to chat_manager):

***** Response from calling tool (call_NxEL6WexDkZn4lfGOZbMW43X) *****
Ticket added.

Current Sprint Plan
-------------------
{
  "goal": "Refactor the FastAPI application to separate concerns into models, API, and data store modules.",
  "tickets": [
    {
      "title": "Refactor Models Module",
      "description": "Create a models module to define the User entity and any other future entities.",
      "acceptance_criteria": "A models module is created with the User entity defined.",
      "id": 8,
      "status": "todo"
    },
    {
      "title": "Refactor API Module",
      "description": "Create an API module to handle all the API endpoints for the User entity.",
      "acceptance_criteria": "An API module is created with all the CRUD endpoints for the User entity.",
      "id": 9,
      "status": "todo"
    },
    {
      "title": "Refactor Data Store Module",
      "description": "Create a data store module to handle in-memory data storage for the User entity.",
      "acceptance_criteria": "A data store module is created to handle in-memory data storage for the User entity.",
      "id": 10,
      "status": "todo"
    },
    {
      "title": "Integrate Modules",
      "description": "Ensure that the models, API, and data store modules work together seamlessly.",
      "acceptance_criteria": "The models, API, and data store modules are integrated and the application works as expected.",
      "id": 11,
      "status": "todo"
    }
  ]
}
**********************************************************************

--------------------------------------------------------------------------------

Next speaker: SoftwarePlanner

SoftwarePlanner (to chat_manager):

***** Suggested tool call (call_oXsljDtuK9Y9lRgoxsU7NrDS): show_sprint_plan *****
Arguments: 
{}
*********************************************************************************

--------------------------------------------------------------------------------

Next speaker: SprintPlan


>>>>>>>> EXECUTING FUNCTION show_sprint_plan...
SprintPlan (to chat_manager):

SprintPlan (to chat_manager):

***** Response from calling tool (call_oXsljDtuK9Y9lRgoxsU7NrDS) *****
Current Sprint Plan
-------------------
{
  "goal": "Refactor the FastAPI application to separate concerns into models, API, and data store modules.",
  "tickets": [
    {
      "title": "Refactor Models Module",
      "description": "Create a models module to define the User entity and any other future entities.",
      "acceptance_criteria": "A models module is created with the User entity defined.",
      "id": 8,
      "status": "todo"
    },
    {
      "title": "Refactor API Module",
      "description": "Create an API module to handle all the API endpoints for the User entity.",
      "acceptance_criteria": "An API module is created with all the CRUD endpoints for the User entity.",
      "id": 9,
      "status": "todo"
    },
    {
      "title": "Refactor Data Store Module",
      "description": "Create a data store module to handle in-memory data storage for the User entity.",
      "acceptance_criteria": "A data store module is created to handle in-memory data storage for the User entity.",
      "id": 10,
      "status": "todo"
    },
    {
      "title": "Integrate Modules",
      "description": "Ensure that the models, API, and data store modules work together seamlessly.",
      "acceptance_criteria": "The models, API, and data store modules are integrated and the application works as expected.",
      "id": 11,
      "status": "todo"
    }
  ]
}
**********************************************************************

--------------------------------------------------------------------------------

Next speaker: SoftwarePlanner

SoftwarePlanner (to chat_manager):

### Sprint Plan for Sprint 1

**Goal:** Refactor the FastAPI application to separate concerns into models, API, and data store modules.

**Tickets:**

1. **Refactor Models Module**
   - **Description:** Create a models module to define the User entity and any other future entities.
   - **Acceptance Criteria:** A models module is created with the User entity defined.

2. **Refactor API Module**
   - **Description:** Create an API module to handle all the API endpoints for the User entity.
   - **Acceptance Criteria:** An API module is created with all the CRUD endpoints for the User entity.

3. **Refactor Data Store Module**
   - **Description:** Create a data store module to handle in-memory data storage for the User entity.
   - **Acceptance Criteria:** A data store module is created to handle in-memory data storage for the User entity.

4. **Integrate Modules**
   - **Description:** Ensure that the models, API, and data store modules work together seamlessly.
   - **Acceptance Criteria:** The models, API, and data store modules are integrated and the application works as expected.

Would you like to approve this sprint plan or make any adjustments?

--------------------------------------------------------------------------------

Next speaker: SprintPlan

SprintPlan (to chat_manager):



--------------------------------------------------------------------------------

Next speaker: SoftwarePlanner

SoftwarePlanner (to chat_manager):

***** Suggested tool call (call_NBCnZXgJO6nezWWcr4W5pMZG): submit_sprint_plan *****
Arguments: 
{}
***********************************************************************************

--------------------------------------------------------------------------------

Next speaker: SprintPlan


>>>>>>>> EXECUTING FUNCTION submit_sprint_plan...
USER APPROVAL REQUESTED
-----------------------
Current Sprint Plan
-------------------
{
  "goal": "Refactor the FastAPI application to separate concerns into models, API, and data store modules.",
  "tickets": [
    {
      "title": "Refactor Models Module",
      "description": "Create a models module to define the User entity and any other future entities.",
      "acceptance_criteria": "A models module is created with the User entity defined.",
      "id": 8,
      "status": "todo"
    },
    {
      "title": "Refactor API Module",
      "description": "Create an API module to handle all the API endpoints for the User entity.",
      "acceptance_criteria": "An API module is created with all the CRUD endpoints for the User entity.",
      "id": 9,
      "status": "todo"
    },
    {
      "title": "Refactor Data Store Module",
      "description": "Create a data store module to handle in-memory data storage for the User entity.",
      "acceptance_criteria": "A data store module is created to handle in-memory data storage for the User entity.",
      "id": 10,
      "status": "todo"
    },
    {
      "title": "Integrate Modules",
      "description": "Ensure that the models, API, and data store modules work together seamlessly.",
      "acceptance_criteria": "The models, API, and data store modules are integrated and the application works as expected.",
      "id": 11,
      "status": "todo"
    }
  ]
}
SprintPlan (to chat_manager):

SprintPlan (to chat_manager):

***** Response from calling tool (call_NBCnZXgJO6nezWWcr4W5pMZG) *****
Sprint plan submitted for approval.
**********************************************************************

--------------------------------------------------------------------------------

Next speaker: User

Replying as User. Provide feedback to chat_manager. Press enter to skip and use auto-reply, or type 'exit' to end the conversation: 